{"numFailedTestSuites":12,"numFailedTests":32,"numPassedTestSuites":0,"numPassedTests":3,"numPendingTestSuites":0,"numPendingTests":0,"numRuntimeErrorTestSuites":6,"numTodoTests":0,"numTotalTestSuites":12,"numTotalTests":35,"openHandles":[],"snapshot":{"added":0,"didUpdate":false,"failure":false,"filesAdded":0,"filesRemoved":0,"filesRemovedList":[],"filesUnmatched":0,"filesUpdated":0,"matched":0,"total":0,"unchecked":0,"uncheckedKeysByFile":[],"unmatched":0,"updated":0},"startTime":1747235108492,"success":false,"testResults":[{"assertionResults":[{"ancestorTitles":["Dashboard"],"duration":702,"failureDetails":[{"name":"TestingLibraryElementError"}],"failureMessages":["TestingLibraryElementError: Unable to find an element with the text: Sistema de Gestão. This could be because the text is broken up by multiple elements. In this case, you can provide a function for your text matcher to make your matcher more flexible.\n\nIgnored nodes: comments, script, style\n\u001b[36m<body\u001b[39m\n  \u001b[33mclass\u001b[39m=\u001b[32m\"chakra-ui-light\"\u001b[39m\n\u001b[36m>\u001b[39m\n  \u001b[36m<div>\u001b[39m\n    \u001b[36m<div\u001b[39m\n      \u001b[33mclass\u001b[39m=\u001b[32m\"css-y5jj8d\"\u001b[39m\n    \u001b[36m>\u001b[39m\n      \u001b[36m<div\u001b[39m\n        \u001b[33mclass\u001b[39m=\u001b[32m\"css-1eznvsc\"\u001b[39m\n      \u001b[36m>\u001b[39m\n        \u001b[36m<div\u001b[39m\n          \u001b[33mclass\u001b[39m=\u001b[32m\"css-ov74nu\"\u001b[39m\n        \u001b[36m>\u001b[39m\n          \u001b[36m<p\u001b[39m\n            \u001b[33mclass\u001b[39m=\u001b[32m\"chakra-text css-mhu0er\"\u001b[39m\n          \u001b[36m>\u001b[39m\n            \u001b[0mSalão Estética\u001b[0m\n          \u001b[36m</p>\u001b[39m\n        \u001b[36m</div>\u001b[39m\n        \u001b[36m<div\u001b[39m\n          \u001b[33mclass\u001b[39m=\u001b[32m\"chakra-stack css-1i2407o\"\u001b[39m\n        \u001b[36m>\u001b[39m\n          \u001b[36m<a\u001b[39m\n            \u001b[33mhref\u001b[39m=\u001b[32m\"/dashboard\"\u001b[39m\n            \u001b[33mstyle\u001b[39m=\u001b[32m\"text-decoration: none;\"\u001b[39m\n          \u001b[36m>\u001b[39m\n            \u001b[36m<div\u001b[39m\n              \u001b[33mclass\u001b[39m=\u001b[32m\"css-1ozz2do\"\u001b[39m\n              \u001b[33mrole\u001b[39m=\u001b[32m\"group\"\u001b[39m\n            \u001b[36m>\u001b[39m\n              \u001b[36m<svg\u001b[39m\n                \u001b[33mclass\u001b[39m=\u001b[32m\"chakra-icon css-19d0vrp\"\u001b[39m\n                \u001b[33mfill\u001b[39m=\u001b[32m\"none\"\u001b[39m\n                \u001b[33mfocusable\u001b[39m=\u001b[32m\"false\"\u001b[39m\n                \u001b[33mheight\u001b[39m=\u001b[32m\"1em\"\u001b[39m\n                \u001b[33mstroke\u001b[39m=\u001b[32m\"currentColor\"\u001b[39m\n                \u001b[33mstroke-linecap\u001b[39m=\u001b[32m\"round\"\u001b[39m\n                \u001b[33mstroke-linejoin\u001b[39m=\u001b[32m\"round\"\u001b[39m\n                \u001b[33mstroke-width\u001b[39m=\u001b[32m\"2\"\u001b[39m\n                \u001b[33mviewBox\u001b[39m=\u001b[32m\"0 0 24 24\"\u001b[39m\n                \u001b[33mwidth\u001b[39m=\u001b[32m\"1em\"\u001b[39m\n                \u001b[33mxmlns\u001b[39m=\u001b[32m\"http://www.w3.org/2000/svg\"\u001b[39m\n              \u001b[36m>\u001b[39m\n                \u001b[36m<path\u001b[39m\n                  \u001b[33md\u001b[39m=\u001b[32m\"M3 9l9-7 9 7v11a2 2 0 0 1-2 2H5a2 2 0 0 1-2-2z\"\u001b[39m\n                \u001b[36m/>\u001b[39m\n                \u001b[36m<polyline\u001b[39m\n                  \u001b[33mpoints\u001b[39m=\u001b[32m\"9 22 9 12 15 12 15 22\"\u001b[39m\n                \u001b[36m/>\u001b[39m\n              \u001b[36m</svg>\u001b[39m\n              \u001b[0mDashboard\u001b[0m\n            \u001b[36m</div>\u001b[39m\n          \u001b[36m</a>\u001b[39m\n          \u001b[36m<a\u001b[39m\n            \u001b[33mhref\u001b[39m=\u001b[32m\"/dashboard/agenda\"\u001b[39m\n            \u001b[33mstyle\u001b[39m=\u001b[32m\"text-decoration: none;\"\u001b[39m\n          \u001b[36m>\u001b[39m\n            \u001b[36m<div\u001b[39m\n              \u001b[33mclass\u001b[39m=\u001b[32m\"css-y970vp\"\u001b[39m\n              \u001b[33mrole\u001b[39m=\u001b[32m\"group\"\u001b[39m\n            \u001b[36m>\u001b[39m\n              \u001b[36m<svg\u001b[39m\n                \u001b[33mclass\u001b[39m=\u001b[32m\"chakra-icon css-19d0vrp\"\u001b[39m\n                \u001b[33mfill\u001b[39m=\u001b[32m\"none\"\u001b[39m\n                \u001b[33mfocusable\u001b[39m=\u001b[32m\"false\"\u001b[39m\n                \u001b[33mheight\u001b[39m=\u001b[32m\"1em\"\u001b[39m\n                \u001b[33mstroke\u001b[39m=\u001b[32m\"currentColor\"\u001b[39m\n                \u001b[33mstroke-linecap\u001b[39m=\u001b[32m\"round\"\u001b[39m\n                \u001b[33mstroke-linejoin\u001b[39m=\u001b[32m\"round\"\u001b[39m\n                \u001b[33mstroke-width\u001b[39m=\u001b[32m\"2\"\u001b[39m\n                \u001b[33mviewBox\u001b[39m=\u001b[32m\"0 0 24 24\"\u001b[39m\n                \u001b[33mwidth\u001b[39m=\u001b[32m\"1em\"\u001b[39m\n                \u001b[33mxmlns\u001b[39m=\u001b[32m\"http://www.w3.org/2000/svg\"\u001b[39m\n              \u001b[36m>\u001b[39m\n                \u001b[36m<rect\u001b[39m\n                  \u001b[33mheight\u001b[39m=\u001b[32m\"18\"\u001b[39m\n                  \u001b[33mrx\u001b[39m=\u001b[32m\"2\"\u001b[39m\n                  \u001b[33mry\u001b[39m=\u001b[32m\"2\"\u001b[39m\n                  \u001b[33mwidth\u001b[39m=\u001b[32m\"18\"\u001b[39m\n                  \u001b[33mx\u001b[39m=\u001b[32m\"3\"\u001b[39m\n                  \u001b[33my\u001b[39m=\u001b[32m\"4\"\u001b[39m\n                \u001b[36m/>\u001b[39m\n                \u001b[36m<line\u001b[39m\n                  \u001b[33mx1\u001b[39m=\u001b[32m\"16\"\u001b[39m\n                  \u001b[33mx2\u001b[39m=\u001b[32m\"16\"\u001b[39m\n                  \u001b[33my1\u001b[39m=\u001b[32m\"2\"\u001b[39m\n                  \u001b[33my2\u001b[39m=\u001b[32m\"6\"\u001b[39m\n                \u001b[36m/>\u001b[39m\n                \u001b[36m<line\u001b[39m\n                  \u001b[33mx1\u001b[39m=\u001b[32m\"8\"\u001b[39m\n                  \u001b[33mx2\u001b[39m=\u001b[32m\"8\"\u001b[39m\n                  \u001b[33my1\u001b[39m=\u001b[32m\"2\"\u001b[39m\n                  \u001b[33my2\u001b[39m=\u001b[32m\"6\"\u001b[39m\n                \u001b[36m/>\u001b[39m\n                \u001b[36m<line\u001b[39m\n                  \u001b[33mx1\u001b[39m=\u001b[32m\"3\"\u001b[39m\n                  \u001b[33mx2\u001b[39m=\u001b[32m\"21\"\u001b[39m\n                  \u001b[33my1\u001b[39m=\u001b[32m\"10\"\u001b[39m\n                  \u001b[33my2\u001b[39m=\u001b[32m\"10\"\u001b[39m\n                \u001b[36m/>\u001b[39m\n              \u001b[36m</svg>\u001b[39m\n              \u001b[0mAgenda\u001b[0m\n            \u001b[36m</div>\u001b[39m\n          \u001b[36m</a>\u001b[39m\n          \u001b[36m<a\u001b[39m\n            \u001b[33mhref\u001b[39m=\u001b[32m\"/dashboard/clientes\"\u001b[39m\n            \u001b[33mstyle\u001b[39m=\u001b[32m\"text-decoration: none;\"\u001b[39m\n          \u001b[36m>\u001b[39m\n            \u001b[36m<div\u001b[39m\n              \u001b[33mclass\u001b[39m=\u001b[32m\"css-y970vp\"\u001b[39m\n              \u001b[33mrole\u001b[39m=\u001b[32m\"group\"\u001b[39m\n            \u001b[36m>\u001b[39m\n              \u001b[36m<svg\u001b[39m\n                \u001b[33mclass\u001b[39m=\u001b[32m\"chakra-icon css-19d0vrp\"\u001b[39m\n                \u001b[33mfill\u001b[39m=\u001b[32m\"none\"\u001b[39m\n                \u001b[33mfocusable\u001b[39m=\u001b[32m\"false\"\u001b[39m\n                \u001b[33mheight\u001b[39m=\u001b[32m\"1em\"\u001b[39m\n                \u001b[33mstroke\u001b[39m=\u001b[32m\"currentColor\"\u001b[39m\n                \u001b[33mstroke-linecap\u001b[39m=\u001b[32m\"round\"\u001b[39m\n                \u001b[33mstroke-linejoin\u001b[39m=\u001b[32m\"round\"\u001b[39m\n                \u001b[33mstroke-width\u001b[39m=\u001b[32m\"2\"\u001b[39m\n                \u001b[33mviewBox\u001b[39m=\u001b[32m\"0 0 24 24\"\u001b[39m\n                \u001b[33mwidth\u001b[39m=\u001b[32m\"1em\"\u001b[39m\n                \u001b[33mxmlns\u001b[39m=\u001b[32m\"http://www.w3.org/2000/svg\"\u001b[39m\n              \u001b[36m>\u001b[39m\n                \u001b[36m<path\u001b[39m\n                  \u001b[33md\u001b[39m=\u001b[32m\"M17 21v-2a4 4 0 0 0-4-4H5a4 4 0 0 0-4 4v2\"\u001b[39m\n                \u001b[36m/>\u001b[39m\n                \u001b[36m<circle\u001b[39m\n                  \u001b[33mcx\u001b[39m=\u001b[32m\"9\"\u001b[39m\n                  \u001b[33mcy\u001b[39m=\u001b[32m\"7\"\u001b[39m\n                  \u001b[33mr\u001b[39m=\u001b[32m\"4\"\u001b[39m\n                \u001b[36m/>\u001b[39m\n                \u001b[36m<path\u001b[39m\n                  \u001b[33md\u001b[39m=\u001b[32m\"M23 21v-2a4 4 0 0 0-3-3.87\"\u001b[39m\n                \u001b[36m/>\u001b[39m\n                \u001b[36m<path\u001b[39m\n                  \u001b[33md\u001b[39m=\u001b[32m\"M16 3.13a4 4 0 0 1 0 7.75\"\u001b[39m\n                \u001b[36m/>\u001b[39m\n              \u001b[36m</svg>\u001b[39m\n              \u001b[0mClientes\u001b[0m\n            \u001b[36m</div>\u001b[39m\n          \u001b[36m</a>\u001b[39m\n          \u001b[36m<a\u001b[39m\n            \u001b[33mhref\u001b[39m=\u001b[32m\"/dashboard/financeiro\"\u001b[39m\n            \u001b[33mstyle\u001b[39m=\u001b[32m\"text-decoration: none;\"\u001b[39m\n          \u001b[36m>\u001b[39m\n            \u001b[36m<div\u001b[39m\n              \u001b[33mclass\u001b[39m=\u001b[32m\"css-y970vp\"\u001b[39m\n              \u001b[33mrole\u001b[39m=\u001b[32m\"group\"\u001b[39m\n            \u001b[36m>\u001b[39m\n              \u001b[36m<svg\u001b[39m\n                \u001b[33mclass\u001b[39m=\u001b[32m\"chakra-icon css-19d0vrp\"\u001b[39m\n                \u001b[33mfill\u001b[39m=\u001b[32m\"none\"\u001b[39m\n                \u001b[33mfocusable\u001b[39m=\u001b[32m\"false\"\u001b[39m\n                \u001b[33mheight\u001b[39m=\u001b[32m\"1em\"\u001b[39m\n                \u001b[33mstroke\u001b[39m=\u001b[32m\"currentColor\"\u001b[39m\n                \u001b[33mstroke-linecap\u001b[39m=\u001b[32m\"round\"\u001b[39m\n                \u001b[33mstroke-linejoin\u001b[39m=\u001b[32m\"round\"\u001b[39m\n                \u001b[33mstroke-width\u001b[39m=\u001b[32m\"2\"\u001b[39m\n                \u001b[33mviewBox\u001b[39m=\u001b[32m\"0 0 24 24\"\u001b[39m\n                \u001b[33mwidth\u001b[39m=\u001b[32m\"1em\"\u001b[39m\n                \u001b[33mxmlns\u001b[39m=\u001b[32m\"http://www.w3.org/2000/svg\"\u001b[39m\n              \u001b[36m>\u001b[39m\n                \u001b[36m<line\u001b[39m\n                  \u001b[33mx1\u001b[39m=\u001b[32m\"12\"\u001b[39m\n                  \u001b[33mx2\u001b[39m=\u001b[32m\"12\"\u001b[39m\n                  \u001b[33my1\u001b[39m=\u001b[32m\"1\"\u001b[39m\n                  \u001b[33my2\u001b[39m=\u001b[32m\"23\"\u001b[39m\n                \u001b[36m/>\u001b[39m\n                \u001b[36m<path\u001b[39m\n                  \u001b[33md\u001b[39m=\u001b[32m\"M17 5H9.5a3.5 3.5 0 0 0 0 7h5a3.5 3.5 0 0 1 0 7H6\"\u001b[39m\n                \u001b[36m/>\u001b[39m\n              \u001b[36m</svg>\u001b[39m\n              \u001b[0mFinanceiro\u001b[0m\n            \u001b[36m</div>\u001b[39m\n          \u001b[36m</a>\u001b[39m\n          \u001b[36m<a\u001b[39m\n            \u001b[33mhref\u001b[39m=\u001b[32m\"/dashboard/configuracoes\"\u001b[39m\n            \u001b[33mstyle\u001b[39m=\u001b[32m\"text-decoration: none;\"\u001b[39m\n          \u001b[36m>\u001b[39m\n            \u001b[36m<div\u001b[39m\n              \u001b[33mclass\u001b[39m=\u001b[32m\"css-y970vp\"\u001b[39m\n              \u001b[33mrole\u001b[39m=\u001b[32m\"group\"\u001b[39m\n            \u001b[36m>\u001b[39m\n              \u001b[36m<svg\u001b[39m\n                \u001b[33mclass\u001b[39m=\u001b[32m\"chakra-icon css-19d0vrp\"\u001b[39m\n                \u001b[33mfill\u001b[39m=\u001b[32m\"none\"\u001b[39m\n                \u001b[33mfocusable\u001b[39m=\u001b[32m\"false\"\u001b[39m\n                \u001b[33mheight\u001b[39m=\u001b[32m\"1em\"\u001b[39m\n                \u001b[33mstroke\u001b[39m=\u001b[32m\"currentColor\"\u001b[39m\n                \u001b[33mstroke-linecap\u001b[39m=\u001b[32m\"round\"\u001b[39m\n                \u001b[33mstroke-linejoin\u001b[39m=\u001b[32m\"round\"\u001b[39m\n                \u001b[33mstroke-width\u001b[39m=\u001b[32m\"2\"\u001b[39m\n                \u001b[33mviewBox\u001b[39m=\u001b[32m\"0 0 24 24\"\u001b[39m\n                \u001b[33mwidth\u001b[39m=\u001b[32m\"1em\"\u001b[39m\n                \u001b[33mxmlns\u001b[39m=\u001b[32m\"http://www.w3.org/2000/svg\"\u001b[39m\n              \u001b[36m>\u001b[39m\n                \u001b[36m<circle\u001b[39m\n                  \u001b[33mcx\u001b[39m=\u001b[32m\"12\"\u001b[39m\n                  \u001b[33mcy\u001b[39m=\u001b[32m\"12\"\u001b[39m\n                  \u001b[33mr\u001b[39m=\u001b[32m\"3\"\u001b[39m\n                \u001b[36m/>\u001b[39m\n                \u001b[36m<path\u001b[39m\n                  \u001b[33md\u001b[39m=\u001b[32m\"M19.4 15a1.65 1.65 0 0 0 .33 1.82l.06.06a2 2 0 0 1 0 2.83 2 2 0 0 1-2.83 0l-.06-.06a1.65 1.65 0 0 0-1.82-.33 1.65 1.65 0 0 0-1 1.51V21a2 2 0 0 1-2 2 2 2 0 0 1-2-2v-.09A1.65 1.65 0 0 0 9 19.4a1.65 1.65 0 0 0-1.82.33l-.06.06a2 2 0 0 1-2.83 0 2 2 0 0 1 0-2.83l.06-.06a1.65 1.65 0 0 0 .33-1.82 1.65 1.65 0 0 0-1.51-1H3a2 2 0 0 1-2-2 2 2 0 0 1 2-2h.09A1.65 1.65 0 0 0 4.6 9a1.65 1.65 0 0 0-.33-1.82l-.06-.06a2 2 0 0 1 0-2.83 2 2 0 0 1 2.83 0l.06.06a1.65 1.65 0 0 0 1.82.33H9a1.65 1.65 0 0 0 1-1.51V3a2 2 0 0 1 2-2 2 2 0 0 1 2 2v.09a1.65 1.65 0 0 0 1 1.51 1.65 1.65 0 0 0 1.82-.33l.06-.06a2 2 0 0 1 2.83 0 2 2 0 0 1 0 2.83l-.06.06a1.65 1.65 0 0 0-.33 1.82V9a1.65 1.65 0 0 0 1.51 1H21a2 2 0 0 1 2 2 2 2 0 0 1-2 2h-.09a1.65 1.65 0 0 0-1.51 1z\"\u001b[39m\n                \u001b[36m/>\u001b[39m\n              \u001b[36m</svg>\u001b[39m\n              \u001b[0mConfigurações\u001b[0m\n            \u001b[36m</div>\u001b[39m\n          \u001b[36m</a>\u001b[39m\n        \u001b[36m</div>\u001b[39m\n      \u001b[36m</div>\u001b[39m\n      \u001b[36m<div\u001b[39m\n        \u001b[33mclass\u001b[39m=\u001b[32m\"css-qsll6r\"\u001b[39m\n      \u001b[36m>\u001b[39m\n        \u001b[36m<div\u001b[39m\n          \u001b[33mclass\u001b[39m=\u001b[32m\"css-1lekzkb\"\u001b[39m\n        \u001b[36m>\u001b[39m\n          \u001b[36m<button\u001b[39m\n            \u001b[33maria-label\u001b[39m=\u001b[32m\"open menu\"\u001b[39m\n            \u001b[33mclass\u001b[39m=\u001b[32m\"chakra-button css-7ffnro\"\u001b[39m\n            \u001b[33mtype\u001b[39m=\u001b[32m\"button\"\u001b[39m\n          \u001b[36m>\u001b[39m\n            \u001b[36m<svg\u001b[39m\n              \u001b[33maria-hidden\u001b[39m=\u001b[32m\"true\"\u001b[39m\n              \u001b[33mfill\u001b[39m=\u001b[32m\"none\"\u001b[39m\n              \u001b[33mfocusable\u001b[39m=\u001b[32m\"false\"\u001b[39m\n              \u001b[33mheight\u001b[39m=\u001b[32m\"1em\"\u001b[39m\n              \u001b[33mstroke\u001b[39m=\u001b[32m\"currentColor\"\u001b[39m\n              \u001b[33mstroke-linecap\u001b[39m=\u001b[32m\"round\"\u001b[39m\n              \u001b[33mstroke-linejoin\u001b[39m=\u001b[32m\"round\"\u001b[39m\n              \u001b[33mstroke-width\u001b[39m=\u001b[32m\"2\"\u001b[39m\n              \u001b[33mviewBox\u001b[39m=\u001b[32m\"0 0 24 24\"\u001b[39m\n              \u001b[33mwidth\u001b[39m=\u001b[32m\"1em\"\u001b[39m\n              \u001b[33mxmlns\u001b[39m=\u001b[32m\"http://www.w3.org/2000/svg\"\u001b[39m\n            \u001b[36m>\u001b[39m\n              \u001b[36m<line\u001b[39m\n                \u001b[33mx1\u001b[39m=\u001b[32m\"3\"\u001b[39m\n                \u001b[33mx2\u001b[39m=\u001b[32m\"21\"\u001b[39m\n                \u001b[33my1\u001b[39m=\u001b[32m\"12\"\u001b[39m\n                \u001b[33my2\u001b[39m=\u001b[32m\"12\"\u001b[39m\n              \u001b[36m/>\u001b[39m\n              \u001b[36m<line\u001b[39m\n                \u001b[33mx1\u001b[39m=\u001b[32m\"3\"\u001b[39m\n                \u001b[33mx2\u001b[39m=\u001b[32m\"21\"\u001b[39m\n                \u001b[33my1\u001b[39m=\u001b[32m\"6\"\u001b[39m\n                \u001b[33my2\u001b[39m=\u001b[32m\"6\"\u001b[39m\n              \u001b[36m/>\u001b[39m\n              \u001b[36m<line\u001b[39m\n                \u001b[33mx1\u001b[39m=\u001b[32m\"3\"\u001b[39m\n                \u001b[33mx2\u001b[39m=\u001b[32m\"21\"\u001b[39m\n                \u001b[33my1\u001b[39m=\u001b[32m\"18\"\u001b[39m\n                \u001b[33my2\u001b[39m=\u001b[32m\"18\"\u001b[39m\n              \u001b[36m/>\u001b[39m\n            \u001b[36m</svg>\u001b[39m\n          \u001b[36m</button>\u001b[39m\n          \u001b[36m<p\u001b[39m\n            \u001b[33mclass\u001b[39m=\u001b[32m\"chakra-text css-mhu0er\"\u001b[39m\n          \u001b[36m>\u001b[39m\n            \u001b[0mTest User\u001b[0m\n          \u001b[36m</p>\u001b[39m\n          \u001b[36m<div\u001b[39m\n            \u001b[33mclass\u001b[39m=\u001b[32m\"chakra-stack css-d9vnmu\"\u001b[39m\n          \u001b[36m>\u001b[39m\n            \u001b[36m<button\u001b[39m\n              \u001b[33mclass\u001b[39m=\u001b[32m\"chakra-button css-ez23ye\"\u001b[39m\n              \u001b[33mtype\u001b[39m=\u001b[32m\"button\"\u001b[39m\n            \u001b[36m>\u001b[39m\n              \u001b[36m<svg\u001b[39m\n                \u001b[33mfill\u001b[39m=\u001b[32m\"none\"\u001b[39m\n                \u001b[33mheight\u001b[39m=\u001b[32m\"1em\"\u001b[39m\n                \u001b[33mstroke\u001b[39m=\u001b[32m\"currentColor\"\u001b[39m\n                \u001b[33mstroke-linecap\u001b[39m=\u001b[32m\"round\"\u001b[39m\n                \u001b[33mstroke-linejoin\u001b[39m=\u001b[32m\"round\"\u001b[39m\n                \u001b[33mstroke-width\u001b[39m=\u001b[32m\"2\"\u001b[39m\n                \u001b[33mviewBox\u001b[39m=\u001b[32m\"0 0 24 24\"\u001b[39m\n                \u001b[33mwidth\u001b[39m=\u001b[32m\"1em\"\u001b[39m\n                \u001b[33mxmlns\u001b[39m=\u001b[32m\"http://www.w3.org/2000/svg\"\u001b[39m\n              \u001b[36m>\u001b[39m\n                \u001b[36m<path\u001b[39m\n                  \u001b[33md\u001b[39m=\u001b[32m\"M21 12.79A9 9 0 1 1 11.21 3 7 7 0 0 0 21 12.79z\"\u001b[39m\n                \u001b[36m/>\u001b[39m\n              \u001b[36m</svg>\u001b[39m\n            \u001b[36m</button>\u001b[39m\n            \u001b[36m<button\u001b[39m\n              \u001b[33mclass\u001b[39m=\u001b[32m\"chakra-button css-ez23ye\"\u001b[39m\n              \u001b[33mtype\u001b[39m=\u001b[32m\"button\"\u001b[39m\n            \u001b[36m>\u001b[39m\n              \u001b[0mSair\u001b[0m\n            \u001b[36m</button>\u001b[39m\n          \u001b[36m</div>\u001b[39m\n        \u001b[36m</div>\u001b[39m\n      \u001b[36m</div>\u001b[39m\n      \u001b[36m<div\u001b[39m\n        \u001b[33mclass\u001b[39m=\u001b[32m\"css-jfo9gg\"\u001b[39m\n      \u001b[36m>\u001b[39m\n        \u001b[0mTest Content\u001b[0m\n      \u001b[36m</div>\u001b[39m\n    \u001b[36m</div>\u001b[39m\n    \u001b[36m<span\u001b[39m\n      \u001b[33mhidden\u001b[39m=\u001b[32m\"\"\u001b[39m\n      \u001b[33mid\u001b[39m=\u001b[32m\"__chakra_env\"\u001b[39m\n    \u001b[36m/>\u001b[39m\n  \u001b[36m</div>\u001b[39m\n  \u001b[36m<div\u001b[39m\n    \u001b[33mclass\u001b[39m=\u001b[32m\"chakra-portal\"\u001b[39m\n  \u001b[36m>\u001b[39m\n    \u001b[36m<div\u001b[39m\n      \u001b[33maria-label\u001b[39m=\u001b[32m\"Notifications-top\"\u001b[39m\n      \u001b[33maria-live\u001b[39m=\u001b[32m\"polite\"\u001b[39m\n      \u001b[33mid\u001b[39m=\u001b[32m\"chakra-toast-manager-top\"\u001b[39m\n      \u001b[33mrole\u001b[39m=\u001b[32m\"region\"\u001b[39m\n      \u001b[33mstyle\u001b[39m=\u001b[32m\"position: fixed; z-index: var(--toast-z-index, 5500); pointer-events: none; display: flex; flex-direction: column; margin: 0px auto;\"\u001b[39m\n    \u001b[36m/>\u001b[39m\n    \u001b[36m<div\u001b[39m\n      \u001b[33maria-label\u001b[39m=\u001b[32m\"Notifications-top-left\"\u001b[39m\n      \u001b[33maria-live\u001b[39m=\u001b[32m\"polite\"\u001b[39m\n      \u001b[33mid\u001b[39m=\u001b[32m\"chakra-toast-manager-top-left\"\u001b[39m\n      \u001b[33mrole\u001b[39m=\u001b[32m\"region\"\u001b[39m\n      \u001b[33mstyle\u001b[39m=\u001b[32m\"position: fixed; z-index: var(--toast-z-index, 5500); pointer-events: none; display: flex; flex-direction: column;\"\u001b[39m\n    \u001b[36m/>\u001b[39m\n    \u001b[36m<div\u001b[39m\n      \u001b[33maria-label\u001b[39m=\u001b[32m\"Notifications-top-right\"\u001b[39m\n      \u001b[33maria-live\u001b[39m=\u001b[32m\"polite\"\u001b[39m\n      \u001b[33mid\u001b[39m=\u001b[32m\"chakra-toast-manager-top-right\"\u001b[39m\n      \u001b[33mrole\u001b[39m=\u001b[32m\"region\"\u001b[39m\n      \u001b[33mstyle\u001b[39m=\u001b[32m\"position: fixed; z-index: var(--toast-z-index, 5500); pointer-events: none; display: flex; flex-direction: column;\"\u001b[39m\n    \u001b[36m/>\u001b[39m\n    \u001b[36m<div\u001b[39m\n      \u001b[33maria-label\u001b[39m=\u001b[32m\"Notifications-bottom-left\"\u001b[39m\n      \u001b[33maria-live\u001b[39m=\u001b[32m\"polite\"\u001b[39m\n      \u001b[33mid\u001b[39m=\u001b[32m\"chakra-toast-manager-bottom-left\"\u001b[39m\n      \u001b[33mrole\u001b[39m=\u001b[32m\"region\"\u001b[39m\n      \u001b[33mstyle\u001b[39m=\u001b[32m\"position: fixed; z-index: var(--toast-z-index, 5500); pointer-events: none; display: flex; flex-direction: column;\"\u001b[39m\n    \u001b[36m/>\u001b[39m\n    \u001b[36m<div\u001b[39m\n      \u001b[33maria-label\u001b[39m=\u001b[32m\"Notifications-bottom\"\u001b[39m\n      \u001b[33maria-live\u001b[39m=\u001b[32m\"polite\"\u001b[39m\n      \u001b[33mid\u001b[39m=\u001b[32m\"chakra-toast-manager-bottom\"\u001b[39m\n      \u001b[33mrole\u001b[39m=\u001b[32m\"region\"\u001b[39m\n      \u001b[33mstyle\u001b[39m=\u001b[32m\"position: fixed; z-index: var(--toast-z-index, 5500); pointer-events: none; display: flex; flex-direction: column; margin: 0px auto;\"\u001b[39m\n    \u001b[36m/>\u001b[39m\n    \u001b[36m<div\u001b[39m\n      \u001b[33maria-label\u001b[39m=\u001b[32m\"Notifications-bottom-right\"\u001b[39m\n      \u001b[33maria-live\u001b[39m=\u001b[32m\"polite\"\u001b[39m\n      \u001b[33mid\u001b[39m=\u001b[32m\"chakra-toast-manager-bottom-right\"\u001b[39m\n      \u001b[33mrole\u001b[39m=\u001b[32m\"region\"\u001b[39m\n      \u001b[33mstyle\u001b[39m=\u001b[32m\"position: fixed; z-index: var(--toast-z-index, 5500); pointer-events: none; display: flex; flex-direction: column;\"\u001b[39m\n    \u001b[36m/>\u001b[39m\n  \u001b[36m</div>\u001b[39m\n\u001b[36m</body>\u001b[39m\n    at Object.getElementError (/home/josivan/projects/SalaoEstetica/node_modules/@testing-library/react/node_modules/@testing-library/dom/dist/config.js:37:19)\n    at /home/josivan/projects/SalaoEstetica/node_modules/@testing-library/react/node_modules/@testing-library/dom/dist/query-helpers.js:76:38\n    at /home/josivan/projects/SalaoEstetica/node_modules/@testing-library/react/node_modules/@testing-library/dom/dist/query-helpers.js:52:17\n    at /home/josivan/projects/SalaoEstetica/node_modules/@testing-library/react/node_modules/@testing-library/dom/dist/query-helpers.js:95:19\n    at Object.getByText (/home/josivan/projects/SalaoEstetica/src/app/dashboard/__tests__/dashboard.test.tsx:47:19)\n    at Promise.then.completed (/home/josivan/projects/SalaoEstetica/node_modules/jest-circus/build/utils.js:298:28)\n    at new Promise (<anonymous>)\n    at callAsyncCircusFn (/home/josivan/projects/SalaoEstetica/node_modules/jest-circus/build/utils.js:231:10)\n    at _callCircusTest (/home/josivan/projects/SalaoEstetica/node_modules/jest-circus/build/run.js:316:40)\n    at processTicksAndRejections (node:internal/process/task_queues:105:5)\n    at _runTest (/home/josivan/projects/SalaoEstetica/node_modules/jest-circus/build/run.js:252:3)\n    at _runTestsForDescribeBlock (/home/josivan/projects/SalaoEstetica/node_modules/jest-circus/build/run.js:126:9)\n    at _runTestsForDescribeBlock (/home/josivan/projects/SalaoEstetica/node_modules/jest-circus/build/run.js:121:9)\n    at run (/home/josivan/projects/SalaoEstetica/node_modules/jest-circus/build/run.js:71:3)\n    at runAndTransformResultsToJestFormat (/home/josivan/projects/SalaoEstetica/node_modules/jest-circus/build/legacy-code-todo-rewrite/jestAdapterInit.js:122:21)\n    at jestAdapter (/home/josivan/projects/SalaoEstetica/node_modules/jest-circus/build/legacy-code-todo-rewrite/jestAdapter.js:79:19)\n    at runTestInternal (/home/josivan/projects/SalaoEstetica/node_modules/jest-runner/build/runTest.js:367:16)\n    at runTest (/home/josivan/projects/SalaoEstetica/node_modules/jest-runner/build/runTest.js:444:34)\n    at Object.worker (/home/josivan/projects/SalaoEstetica/node_modules/jest-runner/build/testWorker.js:106:12)"],"fullName":"Dashboard deve renderizar o layout do dashboard corretamente","invocations":1,"location":null,"numPassingAsserts":0,"retryReasons":[],"status":"failed","title":"deve renderizar o layout do dashboard corretamente"},{"ancestorTitles":["Dashboard"],"duration":371,"failureDetails":[{"name":"TestingLibraryElementError"}],"failureMessages":["TestingLibraryElementError: Unable to find an element with the text: Serviços. This could be because the text is broken up by multiple elements. In this case, you can provide a function for your text matcher to make your matcher more flexible.\n\nIgnored nodes: comments, script, style\n\u001b[36m<body\u001b[39m\n  \u001b[33mclass\u001b[39m=\u001b[32m\"chakra-ui-light\"\u001b[39m\n\u001b[36m>\u001b[39m\n  \u001b[36m<div>\u001b[39m\n    \u001b[36m<div\u001b[39m\n      \u001b[33mclass\u001b[39m=\u001b[32m\"css-y5jj8d\"\u001b[39m\n    \u001b[36m>\u001b[39m\n      \u001b[36m<div\u001b[39m\n        \u001b[33mclass\u001b[39m=\u001b[32m\"css-1eznvsc\"\u001b[39m\n      \u001b[36m>\u001b[39m\n        \u001b[36m<div\u001b[39m\n          \u001b[33mclass\u001b[39m=\u001b[32m\"css-ov74nu\"\u001b[39m\n        \u001b[36m>\u001b[39m\n          \u001b[36m<p\u001b[39m\n            \u001b[33mclass\u001b[39m=\u001b[32m\"chakra-text css-mhu0er\"\u001b[39m\n          \u001b[36m>\u001b[39m\n            \u001b[0mSalão Estética\u001b[0m\n          \u001b[36m</p>\u001b[39m\n        \u001b[36m</div>\u001b[39m\n        \u001b[36m<div\u001b[39m\n          \u001b[33mclass\u001b[39m=\u001b[32m\"chakra-stack css-1i2407o\"\u001b[39m\n        \u001b[36m>\u001b[39m\n          \u001b[36m<a\u001b[39m\n            \u001b[33mhref\u001b[39m=\u001b[32m\"/dashboard\"\u001b[39m\n            \u001b[33mstyle\u001b[39m=\u001b[32m\"text-decoration: none;\"\u001b[39m\n          \u001b[36m>\u001b[39m\n            \u001b[36m<div\u001b[39m\n              \u001b[33mclass\u001b[39m=\u001b[32m\"css-1ozz2do\"\u001b[39m\n              \u001b[33mrole\u001b[39m=\u001b[32m\"group\"\u001b[39m\n            \u001b[36m>\u001b[39m\n              \u001b[36m<svg\u001b[39m\n                \u001b[33mclass\u001b[39m=\u001b[32m\"chakra-icon css-19d0vrp\"\u001b[39m\n                \u001b[33mfill\u001b[39m=\u001b[32m\"none\"\u001b[39m\n                \u001b[33mfocusable\u001b[39m=\u001b[32m\"false\"\u001b[39m\n                \u001b[33mheight\u001b[39m=\u001b[32m\"1em\"\u001b[39m\n                \u001b[33mstroke\u001b[39m=\u001b[32m\"currentColor\"\u001b[39m\n                \u001b[33mstroke-linecap\u001b[39m=\u001b[32m\"round\"\u001b[39m\n                \u001b[33mstroke-linejoin\u001b[39m=\u001b[32m\"round\"\u001b[39m\n                \u001b[33mstroke-width\u001b[39m=\u001b[32m\"2\"\u001b[39m\n                \u001b[33mviewBox\u001b[39m=\u001b[32m\"0 0 24 24\"\u001b[39m\n                \u001b[33mwidth\u001b[39m=\u001b[32m\"1em\"\u001b[39m\n                \u001b[33mxmlns\u001b[39m=\u001b[32m\"http://www.w3.org/2000/svg\"\u001b[39m\n              \u001b[36m>\u001b[39m\n                \u001b[36m<path\u001b[39m\n                  \u001b[33md\u001b[39m=\u001b[32m\"M3 9l9-7 9 7v11a2 2 0 0 1-2 2H5a2 2 0 0 1-2-2z\"\u001b[39m\n                \u001b[36m/>\u001b[39m\n                \u001b[36m<polyline\u001b[39m\n                  \u001b[33mpoints\u001b[39m=\u001b[32m\"9 22 9 12 15 12 15 22\"\u001b[39m\n                \u001b[36m/>\u001b[39m\n              \u001b[36m</svg>\u001b[39m\n              \u001b[0mDashboard\u001b[0m\n            \u001b[36m</div>\u001b[39m\n          \u001b[36m</a>\u001b[39m\n          \u001b[36m<a\u001b[39m\n            \u001b[33mhref\u001b[39m=\u001b[32m\"/dashboard/agenda\"\u001b[39m\n            \u001b[33mstyle\u001b[39m=\u001b[32m\"text-decoration: none;\"\u001b[39m\n          \u001b[36m>\u001b[39m\n            \u001b[36m<div\u001b[39m\n              \u001b[33mclass\u001b[39m=\u001b[32m\"css-y970vp\"\u001b[39m\n              \u001b[33mrole\u001b[39m=\u001b[32m\"group\"\u001b[39m\n            \u001b[36m>\u001b[39m\n              \u001b[36m<svg\u001b[39m\n                \u001b[33mclass\u001b[39m=\u001b[32m\"chakra-icon css-19d0vrp\"\u001b[39m\n                \u001b[33mfill\u001b[39m=\u001b[32m\"none\"\u001b[39m\n                \u001b[33mfocusable\u001b[39m=\u001b[32m\"false\"\u001b[39m\n                \u001b[33mheight\u001b[39m=\u001b[32m\"1em\"\u001b[39m\n                \u001b[33mstroke\u001b[39m=\u001b[32m\"currentColor\"\u001b[39m\n                \u001b[33mstroke-linecap\u001b[39m=\u001b[32m\"round\"\u001b[39m\n                \u001b[33mstroke-linejoin\u001b[39m=\u001b[32m\"round\"\u001b[39m\n                \u001b[33mstroke-width\u001b[39m=\u001b[32m\"2\"\u001b[39m\n                \u001b[33mviewBox\u001b[39m=\u001b[32m\"0 0 24 24\"\u001b[39m\n                \u001b[33mwidth\u001b[39m=\u001b[32m\"1em\"\u001b[39m\n                \u001b[33mxmlns\u001b[39m=\u001b[32m\"http://www.w3.org/2000/svg\"\u001b[39m\n              \u001b[36m>\u001b[39m\n                \u001b[36m<rect\u001b[39m\n                  \u001b[33mheight\u001b[39m=\u001b[32m\"18\"\u001b[39m\n                  \u001b[33mrx\u001b[39m=\u001b[32m\"2\"\u001b[39m\n                  \u001b[33mry\u001b[39m=\u001b[32m\"2\"\u001b[39m\n                  \u001b[33mwidth\u001b[39m=\u001b[32m\"18\"\u001b[39m\n                  \u001b[33mx\u001b[39m=\u001b[32m\"3\"\u001b[39m\n                  \u001b[33my\u001b[39m=\u001b[32m\"4\"\u001b[39m\n                \u001b[36m/>\u001b[39m\n                \u001b[36m<line\u001b[39m\n                  \u001b[33mx1\u001b[39m=\u001b[32m\"16\"\u001b[39m\n                  \u001b[33mx2\u001b[39m=\u001b[32m\"16\"\u001b[39m\n                  \u001b[33my1\u001b[39m=\u001b[32m\"2\"\u001b[39m\n                  \u001b[33my2\u001b[39m=\u001b[32m\"6\"\u001b[39m\n                \u001b[36m/>\u001b[39m\n                \u001b[36m<line\u001b[39m\n                  \u001b[33mx1\u001b[39m=\u001b[32m\"8\"\u001b[39m\n                  \u001b[33mx2\u001b[39m=\u001b[32m\"8\"\u001b[39m\n                  \u001b[33my1\u001b[39m=\u001b[32m\"2\"\u001b[39m\n                  \u001b[33my2\u001b[39m=\u001b[32m\"6\"\u001b[39m\n                \u001b[36m/>\u001b[39m\n                \u001b[36m<line\u001b[39m\n                  \u001b[33mx1\u001b[39m=\u001b[32m\"3\"\u001b[39m\n                  \u001b[33mx2\u001b[39m=\u001b[32m\"21\"\u001b[39m\n                  \u001b[33my1\u001b[39m=\u001b[32m\"10\"\u001b[39m\n                  \u001b[33my2\u001b[39m=\u001b[32m\"10\"\u001b[39m\n                \u001b[36m/>\u001b[39m\n              \u001b[36m</svg>\u001b[39m\n              \u001b[0mAgenda\u001b[0m\n            \u001b[36m</div>\u001b[39m\n          \u001b[36m</a>\u001b[39m\n          \u001b[36m<a\u001b[39m\n            \u001b[33mhref\u001b[39m=\u001b[32m\"/dashboard/clientes\"\u001b[39m\n            \u001b[33mstyle\u001b[39m=\u001b[32m\"text-decoration: none;\"\u001b[39m\n          \u001b[36m>\u001b[39m\n            \u001b[36m<div\u001b[39m\n              \u001b[33mclass\u001b[39m=\u001b[32m\"css-y970vp\"\u001b[39m\n              \u001b[33mrole\u001b[39m=\u001b[32m\"group\"\u001b[39m\n            \u001b[36m>\u001b[39m\n              \u001b[36m<svg\u001b[39m\n                \u001b[33mclass\u001b[39m=\u001b[32m\"chakra-icon css-19d0vrp\"\u001b[39m\n                \u001b[33mfill\u001b[39m=\u001b[32m\"none\"\u001b[39m\n                \u001b[33mfocusable\u001b[39m=\u001b[32m\"false\"\u001b[39m\n                \u001b[33mheight\u001b[39m=\u001b[32m\"1em\"\u001b[39m\n                \u001b[33mstroke\u001b[39m=\u001b[32m\"currentColor\"\u001b[39m\n                \u001b[33mstroke-linecap\u001b[39m=\u001b[32m\"round\"\u001b[39m\n                \u001b[33mstroke-linejoin\u001b[39m=\u001b[32m\"round\"\u001b[39m\n                \u001b[33mstroke-width\u001b[39m=\u001b[32m\"2\"\u001b[39m\n                \u001b[33mviewBox\u001b[39m=\u001b[32m\"0 0 24 24\"\u001b[39m\n                \u001b[33mwidth\u001b[39m=\u001b[32m\"1em\"\u001b[39m\n                \u001b[33mxmlns\u001b[39m=\u001b[32m\"http://www.w3.org/2000/svg\"\u001b[39m\n              \u001b[36m>\u001b[39m\n                \u001b[36m<path\u001b[39m\n                  \u001b[33md\u001b[39m=\u001b[32m\"M17 21v-2a4 4 0 0 0-4-4H5a4 4 0 0 0-4 4v2\"\u001b[39m\n                \u001b[36m/>\u001b[39m\n                \u001b[36m<circle\u001b[39m\n                  \u001b[33mcx\u001b[39m=\u001b[32m\"9\"\u001b[39m\n                  \u001b[33mcy\u001b[39m=\u001b[32m\"7\"\u001b[39m\n                  \u001b[33mr\u001b[39m=\u001b[32m\"4\"\u001b[39m\n                \u001b[36m/>\u001b[39m\n                \u001b[36m<path\u001b[39m\n                  \u001b[33md\u001b[39m=\u001b[32m\"M23 21v-2a4 4 0 0 0-3-3.87\"\u001b[39m\n                \u001b[36m/>\u001b[39m\n                \u001b[36m<path\u001b[39m\n                  \u001b[33md\u001b[39m=\u001b[32m\"M16 3.13a4 4 0 0 1 0 7.75\"\u001b[39m\n                \u001b[36m/>\u001b[39m\n              \u001b[36m</svg>\u001b[39m\n              \u001b[0mClientes\u001b[0m\n            \u001b[36m</div>\u001b[39m\n          \u001b[36m</a>\u001b[39m\n          \u001b[36m<a\u001b[39m\n            \u001b[33mhref\u001b[39m=\u001b[32m\"/dashboard/financeiro\"\u001b[39m\n            \u001b[33mstyle\u001b[39m=\u001b[32m\"text-decoration: none;\"\u001b[39m\n          \u001b[36m>\u001b[39m\n            \u001b[36m<div\u001b[39m\n              \u001b[33mclass\u001b[39m=\u001b[32m\"css-y970vp\"\u001b[39m\n              \u001b[33mrole\u001b[39m=\u001b[32m\"group\"\u001b[39m\n            \u001b[36m>\u001b[39m\n              \u001b[36m<svg\u001b[39m\n                \u001b[33mclass\u001b[39m=\u001b[32m\"chakra-icon css-19d0vrp\"\u001b[39m\n                \u001b[33mfill\u001b[39m=\u001b[32m\"none\"\u001b[39m\n                \u001b[33mfocusable\u001b[39m=\u001b[32m\"false\"\u001b[39m\n                \u001b[33mheight\u001b[39m=\u001b[32m\"1em\"\u001b[39m\n                \u001b[33mstroke\u001b[39m=\u001b[32m\"currentColor\"\u001b[39m\n                \u001b[33mstroke-linecap\u001b[39m=\u001b[32m\"round\"\u001b[39m\n                \u001b[33mstroke-linejoin\u001b[39m=\u001b[32m\"round\"\u001b[39m\n                \u001b[33mstroke-width\u001b[39m=\u001b[32m\"2\"\u001b[39m\n                \u001b[33mviewBox\u001b[39m=\u001b[32m\"0 0 24 24\"\u001b[39m\n                \u001b[33mwidth\u001b[39m=\u001b[32m\"1em\"\u001b[39m\n                \u001b[33mxmlns\u001b[39m=\u001b[32m\"http://www.w3.org/2000/svg\"\u001b[39m\n              \u001b[36m>\u001b[39m\n                \u001b[36m<line\u001b[39m\n                  \u001b[33mx1\u001b[39m=\u001b[32m\"12\"\u001b[39m\n                  \u001b[33mx2\u001b[39m=\u001b[32m\"12\"\u001b[39m\n                  \u001b[33my1\u001b[39m=\u001b[32m\"1\"\u001b[39m\n                  \u001b[33my2\u001b[39m=\u001b[32m\"23\"\u001b[39m\n                \u001b[36m/>\u001b[39m\n                \u001b[36m<path\u001b[39m\n                  \u001b[33md\u001b[39m=\u001b[32m\"M17 5H9.5a3.5 3.5 0 0 0 0 7h5a3.5 3.5 0 0 1 0 7H6\"\u001b[39m\n                \u001b[36m/>\u001b[39m\n              \u001b[36m</svg>\u001b[39m\n              \u001b[0mFinanceiro\u001b[0m\n            \u001b[36m</div>\u001b[39m\n          \u001b[36m</a>\u001b[39m\n          \u001b[36m<a\u001b[39m\n            \u001b[33mhref\u001b[39m=\u001b[32m\"/dashboard/configuracoes\"\u001b[39m\n            \u001b[33mstyle\u001b[39m=\u001b[32m\"text-decoration: none;\"\u001b[39m\n          \u001b[36m>\u001b[39m\n            \u001b[36m<div\u001b[39m\n              \u001b[33mclass\u001b[39m=\u001b[32m\"css-y970vp\"\u001b[39m\n              \u001b[33mrole\u001b[39m=\u001b[32m\"group\"\u001b[39m\n            \u001b[36m>\u001b[39m\n              \u001b[36m<svg\u001b[39m\n                \u001b[33mclass\u001b[39m=\u001b[32m\"chakra-icon css-19d0vrp\"\u001b[39m\n                \u001b[33mfill\u001b[39m=\u001b[32m\"none\"\u001b[39m\n                \u001b[33mfocusable\u001b[39m=\u001b[32m\"false\"\u001b[39m\n                \u001b[33mheight\u001b[39m=\u001b[32m\"1em\"\u001b[39m\n                \u001b[33mstroke\u001b[39m=\u001b[32m\"currentColor\"\u001b[39m\n                \u001b[33mstroke-linecap\u001b[39m=\u001b[32m\"round\"\u001b[39m\n                \u001b[33mstroke-linejoin\u001b[39m=\u001b[32m\"round\"\u001b[39m\n                \u001b[33mstroke-width\u001b[39m=\u001b[32m\"2\"\u001b[39m\n                \u001b[33mviewBox\u001b[39m=\u001b[32m\"0 0 24 24\"\u001b[39m\n                \u001b[33mwidth\u001b[39m=\u001b[32m\"1em\"\u001b[39m\n                \u001b[33mxmlns\u001b[39m=\u001b[32m\"http://www.w3.org/2000/svg\"\u001b[39m\n              \u001b[36m>\u001b[39m\n                \u001b[36m<circle\u001b[39m\n                  \u001b[33mcx\u001b[39m=\u001b[32m\"12\"\u001b[39m\n                  \u001b[33mcy\u001b[39m=\u001b[32m\"12\"\u001b[39m\n                  \u001b[33mr\u001b[39m=\u001b[32m\"3\"\u001b[39m\n                \u001b[36m/>\u001b[39m\n                \u001b[36m<path\u001b[39m\n                  \u001b[33md\u001b[39m=\u001b[32m\"M19.4 15a1.65 1.65 0 0 0 .33 1.82l.06.06a2 2 0 0 1 0 2.83 2 2 0 0 1-2.83 0l-.06-.06a1.65 1.65 0 0 0-1.82-.33 1.65 1.65 0 0 0-1 1.51V21a2 2 0 0 1-2 2 2 2 0 0 1-2-2v-.09A1.65 1.65 0 0 0 9 19.4a1.65 1.65 0 0 0-1.82.33l-.06.06a2 2 0 0 1-2.83 0 2 2 0 0 1 0-2.83l.06-.06a1.65 1.65 0 0 0 .33-1.82 1.65 1.65 0 0 0-1.51-1H3a2 2 0 0 1-2-2 2 2 0 0 1 2-2h.09A1.65 1.65 0 0 0 4.6 9a1.65 1.65 0 0 0-.33-1.82l-.06-.06a2 2 0 0 1 0-2.83 2 2 0 0 1 2.83 0l.06.06a1.65 1.65 0 0 0 1.82.33H9a1.65 1.65 0 0 0 1-1.51V3a2 2 0 0 1 2-2 2 2 0 0 1 2 2v.09a1.65 1.65 0 0 0 1 1.51 1.65 1.65 0 0 0 1.82-.33l.06-.06a2 2 0 0 1 2.83 0 2 2 0 0 1 0 2.83l-.06.06a1.65 1.65 0 0 0-.33 1.82V9a1.65 1.65 0 0 0 1.51 1H21a2 2 0 0 1 2 2 2 2 0 0 1-2 2h-.09a1.65 1.65 0 0 0-1.51 1z\"\u001b[39m\n                \u001b[36m/>\u001b[39m\n              \u001b[36m</svg>\u001b[39m\n              \u001b[0mConfigurações\u001b[0m\n            \u001b[36m</div>\u001b[39m\n          \u001b[36m</a>\u001b[39m\n        \u001b[36m</div>\u001b[39m\n      \u001b[36m</div>\u001b[39m\n      \u001b[36m<div\u001b[39m\n        \u001b[33mclass\u001b[39m=\u001b[32m\"css-qsll6r\"\u001b[39m\n      \u001b[36m>\u001b[39m\n        \u001b[36m<div\u001b[39m\n          \u001b[33mclass\u001b[39m=\u001b[32m\"css-1lekzkb\"\u001b[39m\n        \u001b[36m>\u001b[39m\n          \u001b[36m<button\u001b[39m\n            \u001b[33maria-label\u001b[39m=\u001b[32m\"open menu\"\u001b[39m\n            \u001b[33mclass\u001b[39m=\u001b[32m\"chakra-button css-7ffnro\"\u001b[39m\n            \u001b[33mtype\u001b[39m=\u001b[32m\"button\"\u001b[39m\n          \u001b[36m>\u001b[39m\n            \u001b[36m<svg\u001b[39m\n              \u001b[33maria-hidden\u001b[39m=\u001b[32m\"true\"\u001b[39m\n              \u001b[33mfill\u001b[39m=\u001b[32m\"none\"\u001b[39m\n              \u001b[33mfocusable\u001b[39m=\u001b[32m\"false\"\u001b[39m\n              \u001b[33mheight\u001b[39m=\u001b[32m\"1em\"\u001b[39m\n              \u001b[33mstroke\u001b[39m=\u001b[32m\"currentColor\"\u001b[39m\n              \u001b[33mstroke-linecap\u001b[39m=\u001b[32m\"round\"\u001b[39m\n              \u001b[33mstroke-linejoin\u001b[39m=\u001b[32m\"round\"\u001b[39m\n              \u001b[33mstroke-width\u001b[39m=\u001b[32m\"2\"\u001b[39m\n              \u001b[33mviewBox\u001b[39m=\u001b[32m\"0 0 24 24\"\u001b[39m\n              \u001b[33mwidth\u001b[39m=\u001b[32m\"1em\"\u001b[39m\n              \u001b[33mxmlns\u001b[39m=\u001b[32m\"http://www.w3.org/2000/svg\"\u001b[39m\n            \u001b[36m>\u001b[39m\n              \u001b[36m<line\u001b[39m\n                \u001b[33mx1\u001b[39m=\u001b[32m\"3\"\u001b[39m\n                \u001b[33mx2\u001b[39m=\u001b[32m\"21\"\u001b[39m\n                \u001b[33my1\u001b[39m=\u001b[32m\"12\"\u001b[39m\n                \u001b[33my2\u001b[39m=\u001b[32m\"12\"\u001b[39m\n              \u001b[36m/>\u001b[39m\n              \u001b[36m<line\u001b[39m\n                \u001b[33mx1\u001b[39m=\u001b[32m\"3\"\u001b[39m\n                \u001b[33mx2\u001b[39m=\u001b[32m\"21\"\u001b[39m\n                \u001b[33my1\u001b[39m=\u001b[32m\"6\"\u001b[39m\n                \u001b[33my2\u001b[39m=\u001b[32m\"6\"\u001b[39m\n              \u001b[36m/>\u001b[39m\n              \u001b[36m<line\u001b[39m\n                \u001b[33mx1\u001b[39m=\u001b[32m\"3\"\u001b[39m\n                \u001b[33mx2\u001b[39m=\u001b[32m\"21\"\u001b[39m\n                \u001b[33my1\u001b[39m=\u001b[32m\"18\"\u001b[39m\n                \u001b[33my2\u001b[39m=\u001b[32m\"18\"\u001b[39m\n              \u001b[36m/>\u001b[39m\n            \u001b[36m</svg>\u001b[39m\n          \u001b[36m</button>\u001b[39m\n          \u001b[36m<p\u001b[39m\n            \u001b[33mclass\u001b[39m=\u001b[32m\"chakra-text css-mhu0er\"\u001b[39m\n          \u001b[36m>\u001b[39m\n            \u001b[0mTest User\u001b[0m\n          \u001b[36m</p>\u001b[39m\n          \u001b[36m<div\u001b[39m\n            \u001b[33mclass\u001b[39m=\u001b[32m\"chakra-stack css-d9vnmu\"\u001b[39m\n          \u001b[36m>\u001b[39m\n            \u001b[36m<button\u001b[39m\n              \u001b[33mclass\u001b[39m=\u001b[32m\"chakra-button css-ez23ye\"\u001b[39m\n              \u001b[33mtype\u001b[39m=\u001b[32m\"button\"\u001b[39m\n            \u001b[36m>\u001b[39m\n              \u001b[36m<svg\u001b[39m\n                \u001b[33mfill\u001b[39m=\u001b[32m\"none\"\u001b[39m\n                \u001b[33mheight\u001b[39m=\u001b[32m\"1em\"\u001b[39m\n                \u001b[33mstroke\u001b[39m=\u001b[32m\"currentColor\"\u001b[39m\n                \u001b[33mstroke-linecap\u001b[39m=\u001b[32m\"round\"\u001b[39m\n                \u001b[33mstroke-linejoin\u001b[39m=\u001b[32m\"round\"\u001b[39m\n                \u001b[33mstroke-width\u001b[39m=\u001b[32m\"2\"\u001b[39m\n                \u001b[33mviewBox\u001b[39m=\u001b[32m\"0 0 24 24\"\u001b[39m\n                \u001b[33mwidth\u001b[39m=\u001b[32m\"1em\"\u001b[39m\n                \u001b[33mxmlns\u001b[39m=\u001b[32m\"http://www.w3.org/2000/svg\"\u001b[39m\n              \u001b[36m>\u001b[39m\n                \u001b[36m<path\u001b[39m\n                  \u001b[33md\u001b[39m=\u001b[32m\"M21 12.79A9 9 0 1 1 11.21 3 7 7 0 0 0 21 12.79z\"\u001b[39m\n                \u001b[36m/>\u001b[39m\n              \u001b[36m</svg>\u001b[39m\n            \u001b[36m</button>\u001b[39m\n            \u001b[36m<button\u001b[39m\n              \u001b[33mclass\u001b[39m=\u001b[32m\"chakra-button css-ez23ye\"\u001b[39m\n              \u001b[33mtype\u001b[39m=\u001b[32m\"button\"\u001b[39m\n            \u001b[36m>\u001b[39m\n              \u001b[0mSair\u001b[0m\n            \u001b[36m</button>\u001b[39m\n          \u001b[36m</div>\u001b[39m\n        \u001b[36m</div>\u001b[39m\n      \u001b[36m</div>\u001b[39m\n      \u001b[36m<div\u001b[39m\n        \u001b[33mclass\u001b[39m=\u001b[32m\"css-jfo9gg\"\u001b[39m\n      \u001b[36m>\u001b[39m\n        \u001b[0mTest Content\u001b[0m\n      \u001b[36m</div>\u001b[39m\n    \u001b[36m</div>\u001b[39m\n    \u001b[36m<span\u001b[39m\n      \u001b[33mhidden\u001b[39m=\u001b[32m\"\"\u001b[39m\n      \u001b[33mid\u001b[39m=\u001b[32m\"__chakra_env\"\u001b[39m\n    \u001b[36m/>\u001b[39m\n  \u001b[36m</div>\u001b[39m\n  \u001b[36m<div\u001b[39m\n    \u001b[33mclass\u001b[39m=\u001b[32m\"chakra-portal\"\u001b[39m\n  \u001b[36m>\u001b[39m\n    \u001b[36m<div\u001b[39m\n      \u001b[33maria-label\u001b[39m=\u001b[32m\"Notifications-top\"\u001b[39m\n      \u001b[33maria-live\u001b[39m=\u001b[32m\"polite\"\u001b[39m\n      \u001b[33mid\u001b[39m=\u001b[32m\"chakra-toast-manager-top\"\u001b[39m\n      \u001b[33mrole\u001b[39m=\u001b[32m\"region\"\u001b[39m\n      \u001b[33mstyle\u001b[39m=\u001b[32m\"position: fixed; z-index: var(--toast-z-index, 5500); pointer-events: none; display: flex; flex-direction: column; margin: 0px auto;\"\u001b[39m\n    \u001b[36m/>\u001b[39m\n    \u001b[36m<div\u001b[39m\n      \u001b[33maria-label\u001b[39m=\u001b[32m\"Notifications-top-left\"\u001b[39m\n      \u001b[33maria-live\u001b[39m=\u001b[32m\"polite\"\u001b[39m\n      \u001b[33mid\u001b[39m=\u001b[32m\"chakra-toast-manager-top-left\"\u001b[39m\n      \u001b[33mrole\u001b[39m=\u001b[32m\"region\"\u001b[39m\n      \u001b[33mstyle\u001b[39m=\u001b[32m\"position: fixed; z-index: var(--toast-z-index, 5500); pointer-events: none; display: flex; flex-direction: column;\"\u001b[39m\n    \u001b[36m/>\u001b[39m\n    \u001b[36m<div\u001b[39m\n      \u001b[33maria-label\u001b[39m=\u001b[32m\"Notifications-top-right\"\u001b[39m\n      \u001b[33maria-live\u001b[39m=\u001b[32m\"polite\"\u001b[39m\n      \u001b[33mid\u001b[39m=\u001b[32m\"chakra-toast-manager-top-right\"\u001b[39m\n      \u001b[33mrole\u001b[39m=\u001b[32m\"region\"\u001b[39m\n      \u001b[33mstyle\u001b[39m=\u001b[32m\"position: fixed; z-index: var(--toast-z-index, 5500); pointer-events: none; display: flex; flex-direction: column;\"\u001b[39m\n    \u001b[36m/>\u001b[39m\n    \u001b[36m<div\u001b[39m\n      \u001b[33maria-label\u001b[39m=\u001b[32m\"Notifications-bottom-left\"\u001b[39m\n      \u001b[33maria-live\u001b[39m=\u001b[32m\"polite\"\u001b[39m\n      \u001b[33mid\u001b[39m=\u001b[32m\"chakra-toast-manager-bottom-left\"\u001b[39m\n      \u001b[33mrole\u001b[39m=\u001b[32m\"region\"\u001b[39m\n      \u001b[33mstyle\u001b[39m=\u001b[32m\"position: fixed; z-index: var(--toast-z-index, 5500); pointer-events: none; display: flex; flex-direction: column;\"\u001b[39m\n    \u001b[36m/>\u001b[39m\n    \u001b[36m<div\u001b[39m\n      \u001b[33maria-label\u001b[39m=\u001b[32m\"Notifications-bottom\"\u001b[39m\n      \u001b[33maria-live\u001b[39m=\u001b[32m\"polite\"\u001b[39m\n      \u001b[33mid\u001b[39m=\u001b[32m\"chakra-toast-manager-bottom\"\u001b[39m\n      \u001b[33mrole\u001b[39m=\u001b[32m\"region\"\u001b[39m\n      \u001b[33mstyle\u001b[39m=\u001b[32m\"position: fixed; z-index: var(--toast-z-index, 5500); pointer-events: none; display: flex; flex-direction: column; margin: 0px auto;\"\u001b[39m\n    \u001b[36m/>\u001b[39m\n    \u001b[36m<div\u001b[39m\n      \u001b[33maria-label\u001b[39m=\u001b[32m\"Notifications-bottom-right\"\u001b[39m\n      \u001b[33maria-live\u001b[39m=\u001b[32m\"polite\"\u001b[39m\n      \u001b[33mid\u001b[39m=\u001b[32m\"chakra-toast-manager-bottom-right\"\u001b[39m\n      \u001b[33mrole\u001b[39m=\u001b[32m\"region\"\u001b[39m\n      \u001b[33mstyle\u001b[39m=\u001b[32m\"position: fixed; z-index: var(--toast-z-index, 5500); pointer-events: none; display: flex; flex-direction: column;\"\u001b[39m\n    \u001b[36m/>\u001b[39m\n  \u001b[36m</div>\u001b[39m\n\u001b[36m</body>\u001b[39m\n    at Object.getElementError (/home/josivan/projects/SalaoEstetica/node_modules/@testing-library/react/node_modules/@testing-library/dom/dist/config.js:37:19)\n    at /home/josivan/projects/SalaoEstetica/node_modules/@testing-library/react/node_modules/@testing-library/dom/dist/query-helpers.js:76:38\n    at /home/josivan/projects/SalaoEstetica/node_modules/@testing-library/react/node_modules/@testing-library/dom/dist/query-helpers.js:52:17\n    at /home/josivan/projects/SalaoEstetica/node_modules/@testing-library/react/node_modules/@testing-library/dom/dist/query-helpers.js:95:19\n    at Object.getByText (/home/josivan/projects/SalaoEstetica/src/app/dashboard/__tests__/dashboard.test.tsx:59:19)\n    at Promise.then.completed (/home/josivan/projects/SalaoEstetica/node_modules/jest-circus/build/utils.js:298:28)\n    at new Promise (<anonymous>)\n    at callAsyncCircusFn (/home/josivan/projects/SalaoEstetica/node_modules/jest-circus/build/utils.js:231:10)\n    at _callCircusTest (/home/josivan/projects/SalaoEstetica/node_modules/jest-circus/build/run.js:316:40)\n    at processTicksAndRejections (node:internal/process/task_queues:105:5)\n    at _runTest (/home/josivan/projects/SalaoEstetica/node_modules/jest-circus/build/run.js:252:3)\n    at _runTestsForDescribeBlock (/home/josivan/projects/SalaoEstetica/node_modules/jest-circus/build/run.js:126:9)\n    at _runTestsForDescribeBlock (/home/josivan/projects/SalaoEstetica/node_modules/jest-circus/build/run.js:121:9)\n    at run (/home/josivan/projects/SalaoEstetica/node_modules/jest-circus/build/run.js:71:3)\n    at runAndTransformResultsToJestFormat (/home/josivan/projects/SalaoEstetica/node_modules/jest-circus/build/legacy-code-todo-rewrite/jestAdapterInit.js:122:21)\n    at jestAdapter (/home/josivan/projects/SalaoEstetica/node_modules/jest-circus/build/legacy-code-todo-rewrite/jestAdapter.js:79:19)\n    at runTestInternal (/home/josivan/projects/SalaoEstetica/node_modules/jest-runner/build/runTest.js:367:16)\n    at runTest (/home/josivan/projects/SalaoEstetica/node_modules/jest-runner/build/runTest.js:444:34)\n    at Object.worker (/home/josivan/projects/SalaoEstetica/node_modules/jest-runner/build/testWorker.js:106:12)"],"fullName":"Dashboard deve exibir o menu lateral com todas as opções","invocations":1,"location":null,"numPassingAsserts":3,"retryReasons":[],"status":"failed","title":"deve exibir o menu lateral com todas as opções"},{"ancestorTitles":["Dashboard"],"duration":4,"failureDetails":[{}],"failureMessages":["TypeError: _navigation.useRouter.mockReturnValue is not a function\n    at Object.mockReturnValue (/home/josivan/projects/SalaoEstetica/src/app/dashboard/__tests__/dashboard.test.tsx:66:30)\n    at Promise.then.completed (/home/josivan/projects/SalaoEstetica/node_modules/jest-circus/build/utils.js:298:28)\n    at new Promise (<anonymous>)\n    at callAsyncCircusFn (/home/josivan/projects/SalaoEstetica/node_modules/jest-circus/build/utils.js:231:10)\n    at _callCircusTest (/home/josivan/projects/SalaoEstetica/node_modules/jest-circus/build/run.js:316:40)\n    at processTicksAndRejections (node:internal/process/task_queues:105:5)\n    at _runTest (/home/josivan/projects/SalaoEstetica/node_modules/jest-circus/build/run.js:252:3)\n    at _runTestsForDescribeBlock (/home/josivan/projects/SalaoEstetica/node_modules/jest-circus/build/run.js:126:9)\n    at _runTestsForDescribeBlock (/home/josivan/projects/SalaoEstetica/node_modules/jest-circus/build/run.js:121:9)\n    at run (/home/josivan/projects/SalaoEstetica/node_modules/jest-circus/build/run.js:71:3)\n    at runAndTransformResultsToJestFormat (/home/josivan/projects/SalaoEstetica/node_modules/jest-circus/build/legacy-code-todo-rewrite/jestAdapterInit.js:122:21)\n    at jestAdapter (/home/josivan/projects/SalaoEstetica/node_modules/jest-circus/build/legacy-code-todo-rewrite/jestAdapter.js:79:19)\n    at runTestInternal (/home/josivan/projects/SalaoEstetica/node_modules/jest-runner/build/runTest.js:367:16)\n    at runTest (/home/josivan/projects/SalaoEstetica/node_modules/jest-runner/build/runTest.js:444:34)\n    at Object.worker (/home/josivan/projects/SalaoEstetica/node_modules/jest-runner/build/testWorker.js:106:12)"],"fullName":"Dashboard deve navegar para a página correta ao clicar no menu","invocations":1,"location":null,"numPassingAsserts":0,"retryReasons":[],"status":"failed","title":"deve navegar para a página correta ao clicar no menu"},{"ancestorTitles":["Dashboard"],"duration":3640,"failureDetails":[{"name":"TestingLibraryElementError"}],"failureMessages":["TestingLibraryElementError: Unable to find an accessible element with the role \"button\" and name `/Test User/i`\n\nHere are the accessible roles:\n\n  button:\n\n  Name \"open menu\":\n  \u001b[36m<button\u001b[39m\n    \u001b[33maria-label\u001b[39m=\u001b[32m\"open menu\"\u001b[39m\n    \u001b[33mclass\u001b[39m=\u001b[32m\"chakra-button css-7ffnro\"\u001b[39m\n    \u001b[33mtype\u001b[39m=\u001b[32m\"button\"\u001b[39m\n  \u001b[36m/>\u001b[39m\n\n  Name \"\":\n  \u001b[36m<button\u001b[39m\n    \u001b[33mclass\u001b[39m=\u001b[32m\"chakra-button css-ez23ye\"\u001b[39m\n    \u001b[33mtype\u001b[39m=\u001b[32m\"button\"\u001b[39m\n  \u001b[36m/>\u001b[39m\n\n  Name \"Sair\":\n  \u001b[36m<button\u001b[39m\n    \u001b[33mclass\u001b[39m=\u001b[32m\"chakra-button css-ez23ye\"\u001b[39m\n    \u001b[33mtype\u001b[39m=\u001b[32m\"button\"\u001b[39m\n  \u001b[36m/>\u001b[39m\n\n  --------------------------------------------------region:\n\n  Name \"Notifications-top\":\n  \u001b[36m<div\u001b[39m\n    \u001b[33maria-label\u001b[39m=\u001b[32m\"Notifications-top\"\u001b[39m\n    \u001b[33maria-live\u001b[39m=\u001b[32m\"polite\"\u001b[39m\n    \u001b[33mid\u001b[39m=\u001b[32m\"chakra-toast-manager-top\"\u001b[39m\n    \u001b[33mrole\u001b[39m=\u001b[32m\"region\"\u001b[39m\n    \u001b[33mstyle\u001b[39m=\u001b[32m\"position: fixed; z-index: var(--toast-z-index, 5500); pointer-events: none; display: flex; flex-direction: column; margin: 0px auto;\"\u001b[39m\n  \u001b[36m/>\u001b[39m\n\n  Name \"Notifications-top-left\":\n  \u001b[36m<div\u001b[39m\n    \u001b[33maria-label\u001b[39m=\u001b[32m\"Notifications-top-left\"\u001b[39m\n    \u001b[33maria-live\u001b[39m=\u001b[32m\"polite\"\u001b[39m\n    \u001b[33mid\u001b[39m=\u001b[32m\"chakra-toast-manager-top-left\"\u001b[39m\n    \u001b[33mrole\u001b[39m=\u001b[32m\"region\"\u001b[39m\n    \u001b[33mstyle\u001b[39m=\u001b[32m\"position: fixed; z-index: var(--toast-z-index, 5500); pointer-events: none; display: flex; flex-direction: column;\"\u001b[39m\n  \u001b[36m/>\u001b[39m\n\n  Name \"Notifications-top-right\":\n  \u001b[36m<div\u001b[39m\n    \u001b[33maria-label\u001b[39m=\u001b[32m\"Notifications-top-right\"\u001b[39m\n    \u001b[33maria-live\u001b[39m=\u001b[32m\"polite\"\u001b[39m\n    \u001b[33mid\u001b[39m=\u001b[32m\"chakra-toast-manager-top-right\"\u001b[39m\n    \u001b[33mrole\u001b[39m=\u001b[32m\"region\"\u001b[39m\n    \u001b[33mstyle\u001b[39m=\u001b[32m\"position: fixed; z-index: var(--toast-z-index, 5500); pointer-events: none; display: flex; flex-direction: column;\"\u001b[39m\n  \u001b[36m/>\u001b[39m\n\n  Name \"Notifications-bottom-left\":\n  \u001b[36m<div\u001b[39m\n    \u001b[33maria-label\u001b[39m=\u001b[32m\"Notifications-bottom-left\"\u001b[39m\n    \u001b[33maria-live\u001b[39m=\u001b[32m\"polite\"\u001b[39m\n    \u001b[33mid\u001b[39m=\u001b[32m\"chakra-toast-manager-bottom-left\"\u001b[39m\n    \u001b[33mrole\u001b[39m=\u001b[32m\"region\"\u001b[39m\n    \u001b[33mstyle\u001b[39m=\u001b[32m\"position: fixed; z-index: var(--toast-z-index, 5500); pointer-events: none; display: flex; flex-direction: column;\"\u001b[39m\n  \u001b[36m/>\u001b[39m\n\n  Name \"Notifications-bottom\":\n  \u001b[36m<div\u001b[39m\n    \u001b[33maria-label\u001b[39m=\u001b[32m\"Notifications-bottom\"\u001b[39m\n    \u001b[33maria-live\u001b[39m=\u001b[32m\"polite\"\u001b[39m\n    \u001b[33mid\u001b[39m=\u001b[32m\"chakra-toast-manager-bottom\"\u001b[39m\n    \u001b[33mrole\u001b[39m=\u001b[32m\"region\"\u001b[39m\n    \u001b[33mstyle\u001b[39m=\u001b[32m\"position: fixed; z-index: var(--toast-z-index, 5500); pointer-events: none; display: flex; flex-direction: column; margin: 0px auto;\"\u001b[39m\n  \u001b[36m/>\u001b[39m\n\n  Name \"Notifications-bottom-right\":\n  \u001b[36m<div\u001b[39m\n    \u001b[33maria-label\u001b[39m=\u001b[32m\"Notifications-bottom-right\"\u001b[39m\n    \u001b[33maria-live\u001b[39m=\u001b[32m\"polite\"\u001b[39m\n    \u001b[33mid\u001b[39m=\u001b[32m\"chakra-toast-manager-bottom-right\"\u001b[39m\n    \u001b[33mrole\u001b[39m=\u001b[32m\"region\"\u001b[39m\n    \u001b[33mstyle\u001b[39m=\u001b[32m\"position: fixed; z-index: var(--toast-z-index, 5500); pointer-events: none; display: flex; flex-direction: column;\"\u001b[39m\n  \u001b[36m/>\u001b[39m\n\n  --------------------------------------------------\n\nIgnored nodes: comments, script, style\n\u001b[36m<body\u001b[39m\n  \u001b[33mclass\u001b[39m=\u001b[32m\"chakra-ui-light\"\u001b[39m\n\u001b[36m>\u001b[39m\n  \u001b[36m<div>\u001b[39m\n    \u001b[36m<div\u001b[39m\n      \u001b[33mclass\u001b[39m=\u001b[32m\"css-y5jj8d\"\u001b[39m\n    \u001b[36m>\u001b[39m\n      \u001b[36m<div\u001b[39m\n        \u001b[33mclass\u001b[39m=\u001b[32m\"css-1eznvsc\"\u001b[39m\n      \u001b[36m>\u001b[39m\n        \u001b[36m<div\u001b[39m\n          \u001b[33mclass\u001b[39m=\u001b[32m\"css-ov74nu\"\u001b[39m\n        \u001b[36m>\u001b[39m\n          \u001b[36m<p\u001b[39m\n            \u001b[33mclass\u001b[39m=\u001b[32m\"chakra-text css-mhu0er\"\u001b[39m\n          \u001b[36m>\u001b[39m\n            \u001b[0mSalão Estética\u001b[0m\n          \u001b[36m</p>\u001b[39m\n        \u001b[36m</div>\u001b[39m\n        \u001b[36m<div\u001b[39m\n          \u001b[33mclass\u001b[39m=\u001b[32m\"chakra-stack css-1i2407o\"\u001b[39m\n        \u001b[36m>\u001b[39m\n          \u001b[36m<a\u001b[39m\n            \u001b[33mhref\u001b[39m=\u001b[32m\"/dashboard\"\u001b[39m\n            \u001b[33mstyle\u001b[39m=\u001b[32m\"text-decoration: none;\"\u001b[39m\n          \u001b[36m>\u001b[39m\n            \u001b[36m<div\u001b[39m\n              \u001b[33mclass\u001b[39m=\u001b[32m\"css-1ozz2do\"\u001b[39m\n              \u001b[33mrole\u001b[39m=\u001b[32m\"group\"\u001b[39m\n            \u001b[36m>\u001b[39m\n              \u001b[36m<svg\u001b[39m\n                \u001b[33mclass\u001b[39m=\u001b[32m\"chakra-icon css-19d0vrp\"\u001b[39m\n                \u001b[33mfill\u001b[39m=\u001b[32m\"none\"\u001b[39m\n                \u001b[33mfocusable\u001b[39m=\u001b[32m\"false\"\u001b[39m\n                \u001b[33mheight\u001b[39m=\u001b[32m\"1em\"\u001b[39m\n                \u001b[33mstroke\u001b[39m=\u001b[32m\"currentColor\"\u001b[39m\n                \u001b[33mstroke-linecap\u001b[39m=\u001b[32m\"round\"\u001b[39m\n                \u001b[33mstroke-linejoin\u001b[39m=\u001b[32m\"round\"\u001b[39m\n                \u001b[33mstroke-width\u001b[39m=\u001b[32m\"2\"\u001b[39m\n                \u001b[33mviewBox\u001b[39m=\u001b[32m\"0 0 24 24\"\u001b[39m\n                \u001b[33mwidth\u001b[39m=\u001b[32m\"1em\"\u001b[39m\n                \u001b[33mxmlns\u001b[39m=\u001b[32m\"http://www.w3.org/2000/svg\"\u001b[39m\n              \u001b[36m>\u001b[39m\n                \u001b[36m<path\u001b[39m\n                  \u001b[33md\u001b[39m=\u001b[32m\"M3 9l9-7 9 7v11a2 2 0 0 1-2 2H5a2 2 0 0 1-2-2z\"\u001b[39m\n                \u001b[36m/>\u001b[39m\n                \u001b[36m<polyline\u001b[39m\n                  \u001b[33mpoints\u001b[39m=\u001b[32m\"9 22 9 12 15 12 15 22\"\u001b[39m\n                \u001b[36m/>\u001b[39m\n              \u001b[36m</svg>\u001b[39m\n              \u001b[0mDashboard\u001b[0m\n            \u001b[36m</div>\u001b[39m\n          \u001b[36m</a>\u001b[39m\n          \u001b[36m<a\u001b[39m\n            \u001b[33mhref\u001b[39m=\u001b[32m\"/dashboard/agenda\"\u001b[39m\n            \u001b[33mstyle\u001b[39m=\u001b[32m\"text-decoration: none;\"\u001b[39m\n          \u001b[36m>\u001b[39m\n            \u001b[36m<div\u001b[39m\n              \u001b[33mclass\u001b[39m=\u001b[32m\"css-y970vp\"\u001b[39m\n              \u001b[33mrole\u001b[39m=\u001b[32m\"group\"\u001b[39m\n            \u001b[36m>\u001b[39m\n              \u001b[36m<svg\u001b[39m\n                \u001b[33mclass\u001b[39m=\u001b[32m\"chakra-icon css-19d0vrp\"\u001b[39m\n                \u001b[33mfill\u001b[39m=\u001b[32m\"none\"\u001b[39m\n                \u001b[33mfocusable\u001b[39m=\u001b[32m\"false\"\u001b[39m\n                \u001b[33mheight\u001b[39m=\u001b[32m\"1em\"\u001b[39m\n                \u001b[33mstroke\u001b[39m=\u001b[32m\"currentColor\"\u001b[39m\n                \u001b[33mstroke-linecap\u001b[39m=\u001b[32m\"round\"\u001b[39m\n                \u001b[33mstroke-linejoin\u001b[39m=\u001b[32m\"round\"\u001b[39m\n                \u001b[33mstroke-width\u001b[39m=\u001b[32m\"2\"\u001b[39m\n                \u001b[33mviewBox\u001b[39m=\u001b[32m\"0 0 24 24\"\u001b[39m\n                \u001b[33mwidth\u001b[39m=\u001b[32m\"1em\"\u001b[39m\n                \u001b[33mxmlns\u001b[39m=\u001b[32m\"http://www.w3.org/2000/svg\"\u001b[39m\n              \u001b[36m>\u001b[39m\n                \u001b[36m<rect\u001b[39m\n                  \u001b[33mheight\u001b[39m=\u001b[32m\"18\"\u001b[39m\n                  \u001b[33mrx\u001b[39m=\u001b[32m\"2\"\u001b[39m\n                  \u001b[33mry\u001b[39m=\u001b[32m\"2\"\u001b[39m\n                  \u001b[33mwidth\u001b[39m=\u001b[32m\"18\"\u001b[39m\n                  \u001b[33mx\u001b[39m=\u001b[32m\"3\"\u001b[39m\n                  \u001b[33my\u001b[39m=\u001b[32m\"4\"\u001b[39m\n                \u001b[36m/>\u001b[39m\n                \u001b[36m<line\u001b[39m\n                  \u001b[33mx1\u001b[39m=\u001b[32m\"16\"\u001b[39m\n                  \u001b[33mx2\u001b[39m=\u001b[32m\"16\"\u001b[39m\n                  \u001b[33my1\u001b[39m=\u001b[32m\"2\"\u001b[39m\n                  \u001b[33my2\u001b[39m=\u001b[32m\"6\"\u001b[39m\n                \u001b[36m/>\u001b[39m\n                \u001b[36m<line\u001b[39m\n                  \u001b[33mx1\u001b[39m=\u001b[32m\"8\"\u001b[39m\n                  \u001b[33mx2\u001b[39m=\u001b[32m\"8\"\u001b[39m\n                  \u001b[33my1\u001b[39m=\u001b[32m\"2\"\u001b[39m\n                  \u001b[33my2\u001b[39m=\u001b[32m\"6\"\u001b[39m\n                \u001b[36m/>\u001b[39m\n                \u001b[36m<line\u001b[39m\n                  \u001b[33mx1\u001b[39m=\u001b[32m\"3\"\u001b[39m\n                  \u001b[33mx2\u001b[39m=\u001b[32m\"21\"\u001b[39m\n                  \u001b[33my1\u001b[39m=\u001b[32m\"10\"\u001b[39m\n                  \u001b[33my2\u001b[39m=\u001b[32m\"10\"\u001b[39m\n                \u001b[36m/>\u001b[39m\n              \u001b[36m</svg>\u001b[39m\n              \u001b[0mAgenda\u001b[0m\n            \u001b[36m</div>\u001b[39m\n          \u001b[36m</a>\u001b[39m\n          \u001b[36m<a\u001b[39m\n            \u001b[33mhref\u001b[39m=\u001b[32m\"/dashboard/clientes\"\u001b[39m\n            \u001b[33mstyle\u001b[39m=\u001b[32m\"text-decoration: none;\"\u001b[39m\n          \u001b[36m>\u001b[39m\n            \u001b[36m<div\u001b[39m\n              \u001b[33mclass\u001b[39m=\u001b[32m\"css-y970vp\"\u001b[39m\n              \u001b[33mrole\u001b[39m=\u001b[32m\"group\"\u001b[39m\n            \u001b[36m>\u001b[39m\n              \u001b[36m<svg\u001b[39m\n                \u001b[33mclass\u001b[39m=\u001b[32m\"chakra-icon css-19d0vrp\"\u001b[39m\n                \u001b[33mfill\u001b[39m=\u001b[32m\"none\"\u001b[39m\n                \u001b[33mfocusable\u001b[39m=\u001b[32m\"false\"\u001b[39m\n                \u001b[33mheight\u001b[39m=\u001b[32m\"1em\"\u001b[39m\n                \u001b[33mstroke\u001b[39m=\u001b[32m\"currentColor\"\u001b[39m\n                \u001b[33mstroke-linecap\u001b[39m=\u001b[32m\"round\"\u001b[39m\n                \u001b[33mstroke-linejoin\u001b[39m=\u001b[32m\"round\"\u001b[39m\n                \u001b[33mstroke-width\u001b[39m=\u001b[32m\"2\"\u001b[39m\n                \u001b[33mviewBox\u001b[39m=\u001b[32m\"0 0 24 24\"\u001b[39m\n                \u001b[33mwidth\u001b[39m=\u001b[32m\"1em\"\u001b[39m\n                \u001b[33mxmlns\u001b[39m=\u001b[32m\"http://www.w3.org/2000/svg\"\u001b[39m\n              \u001b[36m>\u001b[39m\n                \u001b[36m<path\u001b[39m\n                  \u001b[33md\u001b[39m=\u001b[32m\"M17 21v-2a4 4 0 0 0-4-4H5a4 4 0 0 0-4 4v2\"\u001b[39m\n                \u001b[36m/>\u001b[39m\n                \u001b[36m<circle\u001b[39m\n                  \u001b[33mcx\u001b[39m=\u001b[32m\"9\"\u001b[39m\n                  \u001b[33mcy\u001b[39m=\u001b[32m\"7\"\u001b[39m\n                  \u001b[33mr\u001b[39m=\u001b[32m\"4\"\u001b[39m\n                \u001b[36m/>\u001b[39m\n                \u001b[36m<path\u001b[39m\n                  \u001b[33md\u001b[39m=\u001b[32m\"M23 21v-2a4 4 0 0 0-3-3.87\"\u001b[39m\n                \u001b[36m/>\u001b[39m\n                \u001b[36m<path\u001b[39m\n                  \u001b[33md\u001b[39m=\u001b[32m\"M16 3.13a4 4 0 0 1 0 7.75\"\u001b[39m\n                \u001b[36m/>\u001b[39m\n              \u001b[36m</svg>\u001b[39m\n              \u001b[0mClientes\u001b[0m\n            \u001b[36m</div>\u001b[39m\n          \u001b[36m</a>\u001b[39m\n          \u001b[36m<a\u001b[39m\n            \u001b[33mhref\u001b[39m=\u001b[32m\"/dashboard/financeiro\"\u001b[39m\n            \u001b[33mstyle\u001b[39m=\u001b[32m\"text-decoration: none;\"\u001b[39m\n          \u001b[36m>\u001b[39m\n            \u001b[36m<div\u001b[39m\n              \u001b[33mclass\u001b[39m=\u001b[32m\"css-y970vp\"\u001b[39m\n              \u001b[33mrole\u001b[39m=\u001b[32m\"group\"\u001b[39m\n            \u001b[36m>\u001b[39m\n              \u001b[36m<svg\u001b[39m\n                \u001b[33mclass\u001b[39m=\u001b[32m\"chakra-icon css-19d0vrp\"\u001b[39m\n                \u001b[33mfill\u001b[39m=\u001b[32m\"none\"\u001b[39m\n                \u001b[33mfocusable\u001b[39m=\u001b[32m\"false\"\u001b[39m\n                \u001b[33mheight\u001b[39m=\u001b[32m\"1em\"\u001b[39m\n                \u001b[33mstroke\u001b[39m=\u001b[32m\"currentColor\"\u001b[39m\n                \u001b[33mstroke-linecap\u001b[39m=\u001b[32m\"round\"\u001b[39m\n                \u001b[33mstroke-linejoin\u001b[39m=\u001b[32m\"round\"\u001b[39m\n                \u001b[33mstroke-width\u001b[39m=\u001b[32m\"2\"\u001b[39m\n                \u001b[33mviewBox\u001b[39m=\u001b[32m\"0 0 24 24\"\u001b[39m\n                \u001b[33mwidth\u001b[39m=\u001b[32m\"1em\"\u001b[39m\n                \u001b[33mxmlns\u001b[39m=\u001b[32m\"http://www.w3.org/2000/svg\"\u001b[39m\n              \u001b[36m>\u001b[39m\n                \u001b[36m<line\u001b[39m\n                  \u001b[33mx1\u001b[39m=\u001b[32m\"12\"\u001b[39m\n                  \u001b[33mx2\u001b[39m=\u001b[32m\"12\"\u001b[39m\n                  \u001b[33my1\u001b[39m=\u001b[32m\"1\"\u001b[39m\n                  \u001b[33my2\u001b[39m=\u001b[32m\"23\"\u001b[39m\n                \u001b[36m/>\u001b[39m\n                \u001b[36m<path\u001b[39m\n                  \u001b[33md\u001b[39m=\u001b[32m\"M17 5H9.5a3.5 3.5 0 0 0 0 7h5a3.5 3.5 0 0 1 0 7H6\"\u001b[39m\n                \u001b[36m/>\u001b[39m\n              \u001b[36m</svg>\u001b[39m\n              \u001b[0mFinanceiro\u001b[0m\n            \u001b[36m</div>\u001b[39m\n          \u001b[36m</a>\u001b[39m\n          \u001b[36m<a\u001b[39m\n            \u001b[33mhref\u001b[39m=\u001b[32m\"/dashboard/configuracoes\"\u001b[39m\n            \u001b[33mstyle\u001b[39m=\u001b[32m\"text-decoration: none;\"\u001b[39m\n          \u001b[36m>\u001b[39m\n            \u001b[36m<div\u001b[39m\n              \u001b[33mclass\u001b[39m=\u001b[32m\"css-y970vp\"\u001b[39m\n              \u001b[33mrole\u001b[39m=\u001b[32m\"group\"\u001b[39m\n            \u001b[36m>\u001b[39m\n              \u001b[36m<svg\u001b[39m\n                \u001b[33mclass\u001b[39m=\u001b[32m\"chakra-icon css-19d0vrp\"\u001b[39m\n                \u001b[33mfill\u001b[39m=\u001b[32m\"none\"\u001b[39m\n                \u001b[33mfocusable\u001b[39m=\u001b[32m\"false\"\u001b[39m\n                \u001b[33mheight\u001b[39m=\u001b[32m\"1em\"\u001b[39m\n                \u001b[33mstroke\u001b[39m=\u001b[32m\"currentColor\"\u001b[39m\n                \u001b[33mstroke-linecap\u001b[39m=\u001b[32m\"round\"\u001b[39m\n                \u001b[33mstroke-linejoin\u001b[39m=\u001b[32m\"round\"\u001b[39m\n                \u001b[33mstroke-width\u001b[39m=\u001b[32m\"2\"\u001b[39m\n                \u001b[33mviewBox\u001b[39m=\u001b[32m\"0 0 24 24\"\u001b[39m\n                \u001b[33mwidth\u001b[39m=\u001b[32m\"1em\"\u001b[39m\n                \u001b[33mxmlns\u001b[39m=\u001b[32m\"http://www.w3.org/2000/svg\"\u001b[39m\n              \u001b[36m>\u001b[39m\n                \u001b[36m<circle\u001b[39m\n                  \u001b[33mcx\u001b[39m=\u001b[32m\"12\"\u001b[39m\n                  \u001b[33mcy\u001b[39m=\u001b[32m\"12\"\u001b[39m\n                  \u001b[33mr\u001b[39m=\u001b[32m\"3\"\u001b[39m\n                \u001b[36m/>\u001b[39m\n                \u001b[36m<path\u001b[39m\n                  \u001b[33md\u001b[39m=\u001b[32m\"M19.4 15a1.65 1.65 0 0 0 .33 1.82l.06.06a2 2 0 0 1 0 2.83 2 2 0 0 1-2.83 0l-.06-.06a1.65 1.65 0 0 0-1.82-.33 1.65 1.65 0 0 0-1 1.51V21a2 2 0 0 1-2 2 2 2 0 0 1-2-2v-.09A1.65 1.65 0 0 0 9 19.4a1.65 1.65 0 0 0-1.82.33l-.06.06a2 2 0 0 1-2.83 0 2 2 0 0 1 0-2.83l.06-.06a1.65 1.65 0 0 0 .33-1.82 1.65 1.65 0 0 0-1.51-1H3a2 2 0 0 1-2-2 2 2 0 0 1 2-2h.09A1.65 1.65 0 0 0 4.6 9a1.65 1.65 0 0 0-.33-1.82l-.06-.06a2 2 0 0 1 0-2.83 2 2 0 0 1 2.83 0l.06.06a1.65 1.65 0 0 0 1.82.33H9a1.65 1.65 0 0 0 1-1.51V3a2 2 0 0 1 2-2 2 2 0 0 1 2 2v.09a1.65 1.65 0 0 0 1 1.51 1.65 1.65 0 0 0 1.82-.33l.06-.06a2 2 0 0 1 2.83 0 2 2 0 0 1 0 2.83l-.06.06a1.65 1.65 0 0 0-.33 1.82V9a1.65 1.65 0 0 0 1.51 1H21a2 2 0 0 1 2 2 2 2 0 0 1-2 2h-.09a1.65 1.65 0 0 0-1.51 1z\"\u001b[39m\n                \u001b[36m/>\u001b[39m\n              \u001b[36m</svg>\u001b[39m\n              \u001b[0mConfigurações\u001b[0m\n            \u001b[36m</div>\u001b[39m\n          \u001b[36m</a>\u001b[39m\n        \u001b[36m</div>\u001b[39m\n      \u001b[36m</div>\u001b[39m\n      \u001b[36m<div\u001b[39m\n        \u001b[33mclass\u001b[39m=\u001b[32m\"css-qsll6r\"\u001b[39m\n      \u001b[36m>\u001b[39m\n        \u001b[36m<div\u001b[39m\n          \u001b[33mclass\u001b[39m=\u001b[32m\"css-1lekzkb\"\u001b[39m\n        \u001b[36m>\u001b[39m\n          \u001b[36m<button\u001b[39m\n            \u001b[33maria-label\u001b[39m=\u001b[32m\"open menu\"\u001b[39m\n            \u001b[33mclass\u001b[39m=\u001b[32m\"chakra-button css-7ffnro\"\u001b[39m\n            \u001b[33mtype\u001b[39m=\u001b[32m\"button\"\u001b[39m\n          \u001b[36m>\u001b[39m\n            \u001b[36m<svg\u001b[39m\n              \u001b[33maria-hidden\u001b[39m=\u001b[32m\"true\"\u001b[39m\n              \u001b[33mfill\u001b[39m=\u001b[32m\"none\"\u001b[39m\n              \u001b[33mfocusable\u001b[39m=\u001b[32m\"false\"\u001b[39m\n              \u001b[33mheight\u001b[39m=\u001b[32m\"1em\"\u001b[39m\n              \u001b[33mstroke\u001b[39m=\u001b[32m\"currentColor\"\u001b[39m\n              \u001b[33mstroke-linecap\u001b[39m=\u001b[32m\"round\"\u001b[39m\n              \u001b[33mstroke-linejoin\u001b[39m=\u001b[32m\"round\"\u001b[39m\n              \u001b[33mstroke-width\u001b[39m=\u001b[32m\"2\"\u001b[39m\n              \u001b[33mviewBox\u001b[39m=\u001b[32m\"0 0 24 24\"\u001b[39m\n              \u001b[33mwidth\u001b[39m=\u001b[32m\"1em\"\u001b[39m\n              \u001b[33mxmlns\u001b[39m=\u001b[32m\"http://www.w3.org/2000/svg\"\u001b[39m\n            \u001b[36m>\u001b[39m\n              \u001b[36m<line\u001b[39m\n                \u001b[33mx1\u001b[39m=\u001b[32m\"3\"\u001b[39m\n                \u001b[33mx2\u001b[39m=\u001b[32m\"21\"\u001b[39m\n                \u001b[33my1\u001b[39m=\u001b[32m\"12\"\u001b[39m\n                \u001b[33my2\u001b[39m=\u001b[32m\"12\"\u001b[39m\n              \u001b[36m/>\u001b[39m\n              \u001b[36m<line\u001b[39m\n                \u001b[33mx1\u001b[39m=\u001b[32m\"3\"\u001b[39m\n                \u001b[33mx2\u001b[39m=\u001b[32m\"21\"\u001b[39m\n                \u001b[33my1\u001b[39m=\u001b[32m\"6\"\u001b[39m\n                \u001b[33my2\u001b[39m=\u001b[32m\"6\"\u001b[39m\n              \u001b[36m/>\u001b[39m\n              \u001b[36m<line\u001b[39m\n                \u001b[33mx1\u001b[39m=\u001b[32m\"3\"\u001b[39m\n                \u001b[33mx2\u001b[39m=\u001b[32m\"21\"\u001b[39m\n                \u001b[33my1\u001b[39m=\u001b[32m\"18\"\u001b[39m\n                \u001b[33my2\u001b[39m=\u001b[32m\"18\"\u001b[39m\n              \u001b[36m/>\u001b[39m\n            \u001b[36m</svg>\u001b[39m\n          \u001b[36m</button>\u001b[39m\n          \u001b[36m<p\u001b[39m\n            \u001b[33mclass\u001b[39m=\u001b[32m\"chakra-text css-mhu0er\"\u001b[39m\n          \u001b[36m>\u001b[39m\n            \u001b[0mTest User\u001b[0m\n          \u001b[36m</p>\u001b[39m\n          \u001b[36m<div\u001b[39m\n            \u001b[33mclass\u001b[39m=\u001b[32m\"chakra-stack css-d9vnmu\"\u001b[39m\n          \u001b[36m>\u001b[39m\n            \u001b[36m<button\u001b[39m\n              \u001b[33mclass\u001b[39m=\u001b[32m\"chakra-button css-ez23ye\"\u001b[39m\n              \u001b[33mtype\u001b[39m=\u001b[32m\"button\"\u001b[39m\n            \u001b[36m>\u001b[39m\n              \u001b[36m<svg\u001b[39m\n                \u001b[33mfill\u001b[39m=\u001b[32m\"none\"\u001b[39m\n                \u001b[33mheight\u001b[39m=\u001b[32m\"1em\"\u001b[39m\n                \u001b[33mstroke\u001b[39m=\u001b[32m\"currentColor\"\u001b[39m\n                \u001b[33mstroke-linecap\u001b[39m=\u001b[32m\"round\"\u001b[39m\n                \u001b[33mstroke-linejoin\u001b[39m=\u001b[32m\"round\"\u001b[39m\n                \u001b[33mstroke-width\u001b[39m=\u001b[32m\"2\"\u001b[39m\n                \u001b[33mviewBox\u001b[39m=\u001b[32m\"0 0 24 24\"\u001b[39m\n                \u001b[33mwidth\u001b[39m=\u001b[32m\"1em\"\u001b[39m\n                \u001b[33mxmlns\u001b[39m=\u001b[32m\"http://www.w3.org/2000/svg\"\u001b[39m\n              \u001b[36m>\u001b[39m\n                \u001b[36m<path\u001b[39m\n                  \u001b[33md\u001b[39m=\u001b[32m\"M21 12.79A9 9 0 1 1 11.21 3 7 7 0 0 0 21 12.79z\"\u001b[39m\n                \u001b[36m/>\u001b[39m\n              \u001b[36m</svg>\u001b[39m\n            \u001b[36m</button>\u001b[39m\n            \u001b[36m<button\u001b[39m\n              \u001b[33mclass\u001b[39m=\u001b[32m\"chakra-button css-ez23ye\"\u001b[39m\n              \u001b[33mtype\u001b[39m=\u001b[32m\"button\"\u001b[39m\n            \u001b[36m>\u001b[39m\n              \u001b[0mSair\u001b[0m\n            \u001b[36m</button>\u001b[39m\n          \u001b[36m</div>\u001b[39m\n        \u001b[36m</div>\u001b[39m\n      \u001b[36m</div>\u001b[39m\n      \u001b[36m<div\u001b[39m\n        \u001b[33mclass\u001b[39m=\u001b[32m\"css-jfo9gg\"\u001b[39m\n      \u001b[36m>\u001b[39m\n        \u001b[0mTest Content\u001b[0m\n      \u001b[36m</div>\u001b[39m\n    \u001b[36m</div>\u001b[39m\n    \u001b[36m<span\u001b[39m\n      \u001b[33mhidden\u001b[39m=\u001b[32m\"\"\u001b[39m\n      \u001b[33mid\u001b[39m=\u001b[32m\"__chakra_env\"\u001b[39m\n    \u001b[36m/>\u001b[39m\n  \u001b[36m</div>\u001b[39m\n  \u001b[36m<div\u001b[39m\n    \u001b[33mclass\u001b[39m=\u001b[32m\"chakra-portal\"\u001b[39m\n  \u001b[36m>\u001b[39m\n    \u001b[36m<div\u001b[39m\n      \u001b[33maria-label\u001b[39m=\u001b[32m\"Notifications-top\"\u001b[39m\n      \u001b[33maria-live\u001b[39m=\u001b[32m\"polite\"\u001b[39m\n      \u001b[33mid\u001b[39m=\u001b[32m\"chakra-toast-manager-top\"\u001b[39m\n      \u001b[33mrole\u001b[39m=\u001b[32m\"region\"\u001b[39m\n      \u001b[33mstyle\u001b[39m=\u001b[32m\"position: fixed; z-index: var(--toast-z-index, 5500); pointer-events: none; display: flex; flex-direction: column; margin: 0px auto;\"\u001b[39m\n    \u001b[36m/>\u001b[39m\n    \u001b[36m<div\u001b[39m\n      \u001b[33maria-label\u001b[39m=\u001b[32m\"Notifications-top-left\"\u001b[39m\n      \u001b[33maria-live\u001b[39m=\u001b[32m\"polite\"\u001b[39m\n      \u001b[33mid\u001b[39m=\u001b[32m\"chakra-toast-manager-top-left\"\u001b[39m\n      \u001b[33mrole\u001b[39m=\u001b[32m\"region\"\u001b[39m\n      \u001b[33mstyle\u001b[39m=\u001b[32m\"position: fixed; z-index: var(--toast-z-index, 5500); pointer-events: none; display: flex; flex-direction: column;\"\u001b[39m\n    \u001b[36m/>\u001b[39m\n    \u001b[36m<div\u001b[39m\n      \u001b[33maria-label\u001b[39m=\u001b[32m\"Notifications-top-right\"\u001b[39m\n      \u001b[33maria-live\u001b[39m=\u001b[32m\"polite\"\u001b[39m\n      \u001b[33mid\u001b[39m=\u001b[32m\"chakra-toast-manager-top-right\"\u001b[39m\n      \u001b[33mrole\u001b[39m=\u001b[32m\"region\"\u001b[39m\n      \u001b[33mstyle\u001b[39m=\u001b[32m\"position: fixed; z-index: var(--toast-z-index, 5500); pointer-events: none; display: flex; flex-direction: column;\"\u001b[39m\n    \u001b[36m/>\u001b[39m\n    \u001b[36m<div\u001b[39m\n      \u001b[33maria-label\u001b[39m=\u001b[32m\"Notifications-bottom-left\"\u001b[39m\n      \u001b[33maria-live\u001b[39m=\u001b[32m\"polite\"\u001b[39m\n      \u001b[33mid\u001b[39m=\u001b[32m\"chakra-toast-manager-bottom-left\"\u001b[39m\n      \u001b[33mrole\u001b[39m=\u001b[32m\"region\"\u001b[39m\n      \u001b[33mstyle\u001b[39m=\u001b[32m\"position: fixed; z-index: var(--toast-z-index, 5500); pointer-events: none; display: flex; flex-direction: column;\"\u001b[39m\n    \u001b[36m/>\u001b[39m\n    \u001b[36m<div\u001b[39m\n      \u001b[33maria-label\u001b[39m=\u001b[32m\"Notifications-bottom\"\u001b[39m\n      \u001b[33maria-live\u001b[39m=\u001b[32m\"polite\"\u001b[39m\n      \u001b[33mid\u001b[39m=\u001b[32m\"chakra-toast-manager-bottom\"\u001b[39m\n      \u001b[33mrole\u001b[39m=\u001b[32m\"region\"\u001b[39m\n      \u001b[33mstyle\u001b[39m=\u001b[32m\"position: fixed; z-index: var(--toast-z-index, 5500); pointer-events: none; display: flex; flex-direction: column; margin: 0px auto;\"\u001b[39m\n    \u001b[36m/>\u001b[39m\n    \u001b[36m<div\u001b[39m\n      \u001b[33maria-label\u001b[39m=\u001b[32m\"Notifications-bottom-right\"\u001b[39m\n      \u001b[33maria-live\u001b[39m=\u001b[32m\"polite\"\u001b[39m\n      \u001b[33mid\u001b[39m=\u001b[32m\"chakra-toast-manager-bottom-right\"\u001b[39m\n      \u001b[33mrole\u001b[39m=\u001b[32m\"region\"\u001b[39m\n      \u001b[33mstyle\u001b[39m=\u001b[32m\"position: fixed; z-index: var(--toast-z-index, 5500); pointer-events: none; display: flex; flex-direction: column;\"\u001b[39m\n    \u001b[36m/>\u001b[39m\n  \u001b[36m</div>\u001b[39m\n\u001b[36m</body>\u001b[39m\n    at Object.getElementError (/home/josivan/projects/SalaoEstetica/node_modules/@testing-library/react/node_modules/@testing-library/dom/dist/config.js:37:19)\n    at /home/josivan/projects/SalaoEstetica/node_modules/@testing-library/react/node_modules/@testing-library/dom/dist/query-helpers.js:76:38\n    at /home/josivan/projects/SalaoEstetica/node_modules/@testing-library/react/node_modules/@testing-library/dom/dist/query-helpers.js:52:17\n    at /home/josivan/projects/SalaoEstetica/node_modules/@testing-library/react/node_modules/@testing-library/dom/dist/query-helpers.js:95:19\n    at Object.getByRole (/home/josivan/projects/SalaoEstetica/src/app/dashboard/__tests__/dashboard.test.tsx:85:33)\n    at Promise.then.completed (/home/josivan/projects/SalaoEstetica/node_modules/jest-circus/build/utils.js:298:28)\n    at new Promise (<anonymous>)\n    at callAsyncCircusFn (/home/josivan/projects/SalaoEstetica/node_modules/jest-circus/build/utils.js:231:10)\n    at _callCircusTest (/home/josivan/projects/SalaoEstetica/node_modules/jest-circus/build/run.js:316:40)\n    at processTicksAndRejections (node:internal/process/task_queues:105:5)\n    at _runTest (/home/josivan/projects/SalaoEstetica/node_modules/jest-circus/build/run.js:252:3)\n    at _runTestsForDescribeBlock (/home/josivan/projects/SalaoEstetica/node_modules/jest-circus
[...]
\n\u001b[2m     \u001b[90m     |\u001b[39m                  \u001b[31m\u001b[1m^\u001b[22m\u001b[2m\u001b[39m\u001b[22m\n\u001b[2m     \u001b[90m 142 |\u001b[39m       expect(screen\u001b[33m.\u001b[39mgetByDisplayValue(\u001b[32m'+5511999999999'\u001b[39m))\u001b[33m.\u001b[39mtoBeInTheDocument()\u001b[33m;\u001b[39m\u001b[22m\n\u001b[2m     \u001b[90m 143 |\u001b[39m     })\u001b[33m;\u001b[39m\u001b[22m\n\u001b[2m     \u001b[90m 144 |\u001b[39m\u001b[0m\u001b[22m\n\u001b[2m\u001b[22m\n\u001b[2m      \u001b[2mat waitForWrapper (\u001b[22m\u001b[2mnode_modules/@testing-library/react/node_modules/@testing-library/dom/dist/wait-for.js\u001b[2m:163:27)\u001b[22m\u001b[2m\u001b[22m\n\u001b[2m      \u001b[2mat Object.<anonymous> (\u001b[22m\u001b[2m\u001b[0m\u001b[36msrc/app/dashboard/configuracoes/__tests__/page.test.tsx\u001b[39m\u001b[0m\u001b[2m:141:18)\u001b[22m\u001b[2m\u001b[22m\n\n\u001b[1m\u001b[31m  \u001b[1m● \u001b[22m\u001b[1mConfiguracoesPage › deve atualizar configurações de notificações\u001b[39m\u001b[22m\n\n    Unable to find a label with the text of: /tempo de lembrete/i\n\n    Ignored nodes: comments, script, style\n    \u001b[36m<body\u001b[39m\n      \u001b[33mclass\u001b[39m=\u001b[32m\"chakra-ui-light\"\u001b[39m\n    \u001b[36m>\u001b[39m\n      \u001b[36m<div>\u001b[39m\n        \u001b[36m<div\u001b[39m\n          \u001b[33mclass\u001b[39m=\u001b[32m\"css-0\"\u001b[39m\n        \u001b[36m>\u001b[39m\n          \u001b[36m<h2\u001b[39m\n            \u001b[33mclass\u001b[39m=\u001b[32m\"chakra-heading css-1dklj6k\"\u001b[39m\n          \u001b[36m>\u001b[39m\n            \u001b[0mConfigurações\u001b[0m\n          \u001b[36m</h2>\u001b[39m\n        \u001b[36m</div>\u001b[39m\n        \u001b[36m<span\u001b[39m\n          \u001b[33mhidden\u001b[39m=\u001b[32m\"\"\u001b[39m\n          \u001b[33mid\u001b[39m=\u001b[32m\"__chakra_env\"\u001b[39m\n        \u001b[36m/>\u001b[39m\n      \u001b[36m</div>\u001b[39m\n      \u001b[36m<div\u001b[39m\n        \u001b[33mclass\u001b[39m=\u001b[32m\"chakra-portal\"\u001b[39m\n      \u001b[36m>\u001b[39m\n        \u001b[36m<div\u001b[39m\n          \u001b[33maria-label\u001b[39m=\u001b[32m\"Notifications-top\"\u001b[39m\n          \u001b[33maria-live\u001b[39m=\u001b[32m\"polite\"\u001b[39m\n          \u001b[33mid\u001b[39m=\u001b[32m\"chakra-toast-manager-top\"\u001b[39m\n          \u001b[33mrole\u001b[39m=\u001b[32m\"region\"\u001b[39m\n          \u001b[33mstyle\u001b[39m=\u001b[32m\"position: fixed; z-index: var(--toast-z-index, 5500); pointer-events: none; display: flex; flex-direction: column; margin: 0px auto;\"\u001b[39m\n        \u001b[36m/>\u001b[39m\n        \u001b[36m<div\u001b[39m\n          \u001b[33maria-label\u001b[39m=\u001b[32m\"Notifications-top-left\"\u001b[39m\n          \u001b[33maria-live\u001b[39m=\u001b[32m\"polite\"\u001b[39m\n          \u001b[33mid\u001b[39m=\u001b[32m\"chakra-toast-manager-top-left\"\u001b[39m\n          \u001b[33mrole\u001b[39m=\u001b[32m\"region\"\u001b[39m\n          \u001b[33mstyle\u001b[39m=\u001b[32m\"position: fixed; z-index: var(--toast-z-index, 5500); pointer-events: none; display: flex; flex-direction: column;\"\u001b[39m\n        \u001b[36m/>\u001b[39m\n        \u001b[36m<div\u001b[39m\n          \u001b[33maria-label\u001b[39m=\u001b[32m\"Notifications-top-right\"\u001b[39m\n          \u001b[33maria-live\u001b[39m=\u001b[32m\"polite\"\u001b[39m\n          \u001b[33mid\u001b[39m=\u001b[32m\"chakra-toast-manager-top-right\"\u001b[39m\n          \u001b[33mrole\u001b[39m=\u001b[32m\"region\"\u001b[39m\n          \u001b[33mstyle\u001b[39m=\u001b[32m\"position: fixed; z-index: var(--toast-z-index, 5500); pointer-events: none; display: flex; flex-direction: column;\"\u001b[39m\n        \u001b[36m/>\u001b[39m\n        \u001b[36m<div\u001b[39m\n          \u001b[33maria-label\u001b[39m=\u001b[32m\"Notifications-bottom-left\"\u001b[39m\n          \u001b[33maria-live\u001b[39m=\u001b[32m\"polite\"\u001b[39m\n          \u001b[33mid\u001b[39m=\u001b[32m\"chakra-toast-manager-bottom-left\"\u001b[39m\n          \u001b[33mrole\u001b[39m=\u001b[32m\"region\"\u001b[39m\n          \u001b[33mstyle\u001b[39m=\u001b[32m\"position: fixed; z-index: var(--toast-z-index, 5500); pointer-events: none; display: flex; flex-direction: column;\"\u001b[39m\n        \u001b[36m/>\u001b[39m\n        \u001b[36m<div\u001b[39m\n          \u001b[33maria-label\u001b[39m=\u001b[32m\"Notifications-bottom\"\u001b[39m\n          \u001b[33maria-live\u001b[39m=\u001b[32m\"polite\"\u001b[39m\n          \u001b[33mid\u001b[39m=\u001b[32m\"chakra-toast-manager-bottom\"\u001b[39m\n          \u001b[33mrole\u001b[39m=\u001b[32m\"region\"\u001b[39m\n          \u001b[33mstyle\u001b[39m=\u001b[32m\"position: fixed; z-index: var(--toast-z-index, 5500); pointer-events: none; display: flex; flex-direction: column; margin: 0px auto;\"\u001b[39m\n        \u001b[36m/>\u001b[39m\n        \u001b[36m<div\u001b[39m\n          \u001b[33maria-label\u001b[39m=\u001b[32m\"Notifications-bottom-right\"\u001b[39m\n          \u001b[33maria-live\u001b[39m=\u001b[32m\"polite\"\u001b[39m\n          \u001b[33mid\u001b[39m=\u001b[32m\"chakra-toast-manager-bottom-right\"\u001b[39m\n          \u001b[33mrole\u001b[39m=\u001b[32m\"region\"\u001b[39m\n          \u001b[33mstyle\u001b[39m=\u001b[32m\"position: fixed; z-index: var(--toast-z-index, 5500); pointer-events: none; display: flex; flex-direction: column;\"\u001b[39m\n        \u001b[36m/>\u001b[39m\n      \u001b[36m</div>\u001b[39m\n    \u001b[36m</body>\u001b[39m\n\u001b[2m\u001b[22m\n\u001b[2m    \u001b[0m \u001b[90m 188 |\u001b[39m     \u001b[22m\n\u001b[2m     \u001b[90m 189 |\u001b[39m     \u001b[90m// Aguarda carregamento das configurações\u001b[39m\u001b[22m\n\u001b[2m    \u001b[31m\u001b[1m>\u001b[22m\u001b[2m\u001b[39m\u001b[90m 190 |\u001b[39m     \u001b[36mawait\u001b[39m waitFor(() \u001b[33m=>\u001b[39m {\u001b[22m\n\u001b[2m     \u001b[90m     |\u001b[39m                  \u001b[31m\u001b[1m^\u001b[22m\u001b[2m\u001b[39m\u001b[22m\n\u001b[2m     \u001b[90m 191 |\u001b[39m       expect(screen\u001b[33m.\u001b[39mgetByLabelText(\u001b[35m/tempo de lembrete/i\u001b[39m))\u001b[33m.\u001b[39mtoBeInTheDocument()\u001b[33m;\u001b[39m\u001b[22m\n\u001b[2m     \u001b[90m 192 |\u001b[39m     })\u001b[33m;\u001b[39m\u001b[22m\n\u001b[2m     \u001b[90m 193 |\u001b[39m\u001b[0m\u001b[22m\n\u001b[2m\u001b[22m\n\u001b[2m      \u001b[2mat waitForWrapper (\u001b[22m\u001b[2mnode_modules/@testing-library/react/node_modules/@testing-library/dom/dist/wait-for.js\u001b[2m:163:27)\u001b[22m\u001b[2m\u001b[22m\n\u001b[2m      \u001b[2mat Object.<anonymous> (\u001b[22m\u001b[2m\u001b[0m\u001b[36msrc/app/dashboard/configuracoes/__tests__/page.test.tsx\u001b[39m\u001b[0m\u001b[2m:190:18)\u001b[22m\u001b[2m\u001b[22m\n\n\u001b[1m\u001b[31m  \u001b[1m● \u001b[22m\u001b[1mConfiguracoesPage › deve validar campos obrigatórios\u001b[39m\u001b[22m\n\n    Unable to find an element with the display value: Salão de Beleza.\n\n    Ignored nodes: comments, script, style\n    \u001b[36m<body\u001b[39m\n      \u001b[33mclass\u001b[39m=\u001b[32m\"chakra-ui-light\"\u001b[39m\n    \u001b[36m>\u001b[39m\n      \u001b[36m<div>\u001b[39m\n        \u001b[36m<div\u001b[39m\n          \u001b[33mclass\u001b[39m=\u001b[32m\"css-0\"\u001b[39m\n        \u001b[36m>\u001b[39m\n          \u001b[36m<h2\u001b[39m\n            \u001b[33mclass\u001b[39m=\u001b[32m\"chakra-heading css-1dklj6k\"\u001b[39m\n          \u001b[36m>\u001b[39m\n            \u001b[0mConfigurações\u001b[0m\n          \u001b[36m</h2>\u001b[39m\n        \u001b[36m</div>\u001b[39m\n        \u001b[36m<span\u001b[39m\n          \u001b[33mhidden\u001b[39m=\u001b[32m\"\"\u001b[39m\n          \u001b[33mid\u001b[39m=\u001b[32m\"__chakra_env\"\u001b[39m\n        \u001b[36m/>\u001b[39m\n      \u001b[36m</div>\u001b[39m\n      \u001b[36m<div\u001b[39m\n        \u001b[33mclass\u001b[39m=\u001b[32m\"chakra-portal\"\u001b[39m\n      \u001b[36m>\u001b[39m\n        \u001b[36m<div\u001b[39m\n          \u001b[33maria-label\u001b[39m=\u001b[32m\"Notifications-top\"\u001b[39m\n          \u001b[33maria-live\u001b[39m=\u001b[32m\"polite\"\u001b[39m\n          \u001b[33mid\u001b[39m=\u001b[32m\"chakra-toast-manager-top\"\u001b[39m\n          \u001b[33mrole\u001b[39m=\u001b[32m\"region\"\u001b[39m\n          \u001b[33mstyle\u001b[39m=\u001b[32m\"position: fixed; z-index: var(--toast-z-index, 5500); pointer-events: none; display: flex; flex-direction: column; margin: 0px auto;\"\u001b[39m\n        \u001b[36m/>\u001b[39m\n        \u001b[36m<div\u001b[39m\n          \u001b[33maria-label\u001b[39m=\u001b[32m\"Notifications-top-left\"\u001b[39m\n          \u001b[33maria-live\u001b[39m=\u001b[32m\"polite\"\u001b[39m\n          \u001b[33mid\u001b[39m=\u001b[32m\"chakra-toast-manager-top-left\"\u001b[39m\n          \u001b[33mrole\u001b[39m=\u001b[32m\"region\"\u001b[39m\n          \u001b[33mstyle\u001b[39m=\u001b[32m\"position: fixed; z-index: var(--toast-z-index, 5500); pointer-events: none; display: flex; flex-direction: column;\"\u001b[39m\n        \u001b[36m/>\u001b[39m\n        \u001b[36m<div\u001b[39m\n          \u001b[33maria-label\u001b[39m=\u001b[32m\"Notifications-top-right\"\u001b[39m\n          \u001b[33maria-live\u001b[39m=\u001b[32m\"polite\"\u001b[39m\n          \u001b[33mid\u001b[39m=\u001b[32m\"chakra-toast-manager-top-right\"\u001b[39m\n          \u001b[33mrole\u001b[39m=\u001b[32m\"region\"\u001b[39m\n          \u001b[33mstyle\u001b[39m=\u001b[32m\"position: fixed; z-index: var(--toast-z-index, 5500); pointer-events: none; display: flex; flex-direction: column;\"\u001b[39m\n        \u001b[36m/>\u001b[39m\n        \u001b[36m<div\u001b[39m\n          \u001b[33maria-label\u001b[39m=\u001b[32m\"Notifications-bottom-left\"\u001b[39m\n          \u001b[33maria-live\u001b[39m=\u001b[32m\"polite\"\u001b[39m\n          \u001b[33mid\u001b[39m=\u001b[32m\"chakra-toast-manager-bottom-left\"\u001b[39m\n          \u001b[33mrole\u001b[39m=\u001b[32m\"region\"\u001b[39m\n          \u001b[33mstyle\u001b[39m=\u001b[32m\"position: fixed; z-index: var(--toast-z-index, 5500); pointer-events: none; display: flex; flex-direction: column;\"\u001b[39m\n        \u001b[36m/>\u001b[39m\n        \u001b[36m<div\u001b[39m\n          \u001b[33maria-label\u001b[39m=\u001b[32m\"Notifications-bottom\"\u001b[39m\n          \u001b[33maria-live\u001b[39m=\u001b[32m\"polite\"\u001b[39m\n          \u001b[33mid\u001b[39m=\u001b[32m\"chakra-toast-manager-bottom\"\u001b[39m\n          \u001b[33mrole\u001b[39m=\u001b[32m\"region\"\u001b[39m\n          \u001b[33mstyle\u001b[39m=\u001b[32m\"position: fixed; z-index: var(--toast-z-index, 5500); pointer-events: none; display: flex; flex-direction: column; margin: 0px auto;\"\u001b[39m\n        \u001b[36m/>\u001b[39m\n        \u001b[36m<div\u001b[39m\n          \u001b[33maria-label\u001b[39m=\u001b[32m\"Notifications-bottom-right\"\u001b[39m\n          \u001b[33maria-live\u001b[39m=\u001b[32m\"polite\"\u001b[39m\n          \u001b[33mid\u001b[39m=\u001b[32m\"chakra-toast-manager-bottom-right\"\u001b[39m\n          \u001b[33mrole\u001b[39m=\u001b[32m\"region\"\u001b[39m\n          \u001b[33mstyle\u001b[39m=\u001b[32m\"position: fixed; z-index: var(--toast-z-index, 5500); pointer-events: none; display: flex; flex-direction: column;\"\u001b[39m\n        \u001b[36m/>\u001b[39m\n      \u001b[36m</div>\u001b[39m\n    \u001b[36m</body>\u001b[39m\n\u001b[2m\u001b[22m\n\u001b[2m    \u001b[0m \u001b[90m 223 |\u001b[39m     \u001b[22m\n\u001b[2m     \u001b[90m 224 |\u001b[39m     \u001b[90m// Aguarda carregamento das configurações\u001b[39m\u001b[22m\n\u001b[2m    \u001b[31m\u001b[1m>\u001b[22m\u001b[2m\u001b[39m\u001b[90m 225 |\u001b[39m     \u001b[36mawait\u001b[39m waitFor(() \u001b[33m=>\u001b[39m {\u001b[22m\n\u001b[2m     \u001b[90m     |\u001b[39m                  \u001b[31m\u001b[1m^\u001b[22m\u001b[2m\u001b[39m\u001b[22m\n\u001b[2m     \u001b[90m 226 |\u001b[39m       expect(screen\u001b[33m.\u001b[39mgetByDisplayValue(\u001b[32m'Salão de Beleza'\u001b[39m))\u001b[33m.\u001b[39mtoBeInTheDocument()\u001b[33m;\u001b[39m\u001b[22m\n\u001b[2m     \u001b[90m 227 |\u001b[39m     })\u001b[33m;\u001b[39m\u001b[22m\n\u001b[2m     \u001b[90m 228 |\u001b[39m\u001b[0m\u001b[22m\n\u001b[2m\u001b[22m\n\u001b[2m      \u001b[2mat waitForWrapper (\u001b[22m\u001b[2mnode_modules/@testing-library/react/node_modules/@testing-library/dom/dist/wait-for.js\u001b[2m:163:27)\u001b[22m\u001b[2m\u001b[22m\n\u001b[2m      \u001b[2mat Object.<anonymous> (\u001b[22m\u001b[2m\u001b[0m\u001b[36msrc/app/dashboard/configuracoes/__tests__/page.test.tsx\u001b[39m\u001b[0m\u001b[2m:225:18)\u001b[22m\u001b[2m\u001b[22m\n","name":"/home/josivan/projects/SalaoEstetica/src/app/dashboard/configuracoes/__tests__/page.test.tsx","startTime":1747235134627,"status":"failed","summary":""},{"assertionResults":[],"coverage":{},"endTime":1747235146106,"message":"  \u001b[1m● \u001b[22mTest suite failed to run\n\n    ReferenceError: Request is not defined\n\n    \u001b[0m \u001b[90m 3 |\u001b[39m\n     \u001b[90m 4 |\u001b[39m \u001b[90m// Mock dos dados\u001b[39m\n    \u001b[31m\u001b[1m>\u001b[22m\u001b[39m\u001b[90m 5 |\u001b[39m \u001b[36mconst\u001b[39m mockCategories \u001b[33m=\u001b[39m [\n     \u001b[90m   |\u001b[39m                                             \u001b[31m\u001b[1m^\u001b[22m\u001b[39m\n     \u001b[90m 6 |\u001b[39m   {\n     \u001b[90m 7 |\u001b[39m     id\u001b[33m:\u001b[39m \u001b[32m'1'\u001b[39m\u001b[33m,\u001b[39m\n     \u001b[90m 8 |\u001b[39m     name\u001b[33m:\u001b[39m \u001b[32m'Cabelo'\u001b[39m\u001b[33m,\u001b[39m\u001b[0m\n\n      \u001b[2mat Object.Request (\u001b[22mnode_modules/next/src/server/web/spec-extension/request.ts\u001b[2m:10:34)\u001b[22m\n      \u001b[2mat Object.<anonymous> (\u001b[22mnode_modules/next/dist/server/web/exports/next-request.js\u001b[2m:12:18)\u001b[22m\n      \u001b[2mat Object.<anonymous> (\u001b[22m\u001b[0m\u001b[36msrc/app/api/inventory/categories/__tests__/route.test.ts\u001b[39m\u001b[0m\u001b[2m:5:61)\u001b[22m\n","name":"/home/josivan/projects/SalaoEstetica/src/app/api/inventory/categories/__tests__/route.test.ts","startTime":1747235146106,"status":"failed","summary":""},{"assertionResults":[],"coverage":{},"endTime":1747235146106,"message":"  \u001b[1m● \u001b[22mTest suite failed to run\n\n    Cannot find module '../page' from 'src/app/dashboard/perfil/__tests__/page.test.tsx'\n\n    \u001b[0m \u001b[90m  8 |\u001b[39m \u001b[36mconst\u001b[39m mockUser \u001b[33m=\u001b[39m {\n     \u001b[90m  9 |\u001b[39m   id\u001b[33m:\u001b[39m \u001b[32m'1'\u001b[39m\u001b[33m,\u001b[39m\n    \u001b[31m\u001b[1m>\u001b[22m\u001b[39m\u001b[90m 10 |\u001b[39m   nome\u001b[33m:\u001b[39m \u001b[32m'João Silva'\u001b[39m\u001b[33m,\u001b[39m\n     \u001b[90m    |\u001b[39m                                                    \u001b[31m\u001b[1m^\u001b[22m\u001b[39m\n     \u001b[90m 11 |\u001b[39m   email\u001b[33m:\u001b[39m \u001b[32m'joao@example.com'\u001b[39m\u001b[33m,\u001b[39m\n     \u001b[90m 12 |\u001b[39m   telefone\u001b[33m:\u001b[39m \u001b[32m'(11) 99999-9999'\u001b[39m\u001b[33m,\u001b[39m\n     \u001b[90m 13 |\u001b[39m   cargo\u001b[33m:\u001b[39m \u001b[32m'Gerente'\u001b[39m\u001b[33m,\u001b[39m\u001b[0m\n\n      \u001b[2mat Resolver._throwModNotFoundError (\u001b[22mnode_modules/jest-resolve/build/resolver.js\u001b[2m:427:11)\u001b[22m\n      \u001b[2mat Object.<anonymous> (\u001b[22m\u001b[0m\u001b[36msrc/app/dashboard/perfil/__tests__/page.test.tsx\u001b[39m\u001b[0m\u001b[2m:10:54)\u001b[22m\n","name":"/home/josivan/projects/SalaoEstetica/src/app/dashboard/perfil/__tests__/page.test.tsx","startTime":1747235146106,"status":"failed","summary":""},{"assertionResults":[],"coverage":{},"endTime":1747235146106,"message":"  \u001b[1m● \u001b[22mTest suite failed to run\n\n    Cannot find module '../page' from 'src/app/dashboard/servicos/__tests__/page.test.tsx'\n\n    \u001b[0m \u001b[90m  8 |\u001b[39m \u001b[36mconst\u001b[39m mockServices \u001b[33m=\u001b[39m [\n     \u001b[90m  9 |\u001b[39m   {\n    \u001b[31m\u001b[1m>\u001b[22m\u001b[39m\u001b[90m 10 |\u001b[39m     id\u001b[33m:\u001b[39m \u001b[32m'1'\u001b[39m\u001b[33m,\u001b[39m\n     \u001b[90m    |\u001b[39m                                           \u001b[31m\u001b[1m^\u001b[22m\u001b[39m\n     \u001b[90m 11 |\u001b[39m     nome\u001b[33m:\u001b[39m \u001b[32m'Corte de Cabelo'\u001b[39m\u001b[33m,\u001b[39m\n     \u001b[90m 12 |\u001b[39m     descricao\u001b[33m:\u001b[39m \u001b[32m'Corte tradicional com tesoura ou máquina'\u001b[39m\u001b[33m,\u001b[39m\n     \u001b[90m 13 |\u001b[39m     duracao\u001b[33m:\u001b[39m \u001b[35m60\u001b[39m\u001b[33m,\u001b[39m\u001b[0m\n\n      \u001b[2mat Resolver._throwModNotFoundError (\u001b[22mnode_modules/jest-resolve/build/resolver.js\u001b[2m:427:11)\u001b[22m\n      \u001b[2mat Object.<anonymous> (\u001b[22m\u001b[0m\u001b[36msrc/app/dashboard/servicos/__tests__/page.test.tsx\u001b[39m\u001b[0m\u001b[2m:10:54)\u001b[22m\n","name":"/home/josivan/projects/SalaoEstetica/src/app/dashboard/servicos/__tests__/page.test.tsx","startTime":1747235146106,"status":"failed","summary":""},{"assertionResults":[],"coverage":{},"endTime":1747235146106,"message":"  \u001b[1m● \u001b[22mTest suite failed to run\n\n    TypeError: [{(intermediate value)(intermediate value)},{(intermediate value)(intermediate value)},{(intermediate value)(intermediate value)}] is not a function\n\n    \u001b[0m \u001b[90m 34 |\u001b[39m   { id\u001b[33m:\u001b[39m \u001b[32m'2'\u001b[39m\u001b[33m,\u001b[39m name\u001b[33m:\u001b[39m \u001b[32m'Pele'\u001b[39m }\u001b[33m,\u001b[39m\n     \u001b[90m 35 |\u001b[39m   { id\u001b[33m:\u001b[39m \u001b[32m'3'\u001b[39m\u001b[33m,\u001b[39m name\u001b[33m:\u001b[39m \u001b[32m'Unhas'\u001b[39m }\n    \u001b[31m\u001b[1m>\u001b[22m\u001b[39m\u001b[90m 36 |\u001b[39m ]\n     \u001b[90m    |\u001b[39m  \u001b[31m\u001b[1m^\u001b[22m\u001b[39m\n     \u001b[90m 37 |\u001b[39m\n     \u001b[90m 38 |\u001b[39m \u001b[90m// Mock do fetch\u001b[39m\n     \u001b[90m 39 |\u001b[39m (global \u001b[36mas\u001b[39m any)\u001b[33m.\u001b[39mfetch \u001b[33m=\u001b[39m jest\u001b[33m.\u001b[39mfn()\u001b[0m\n\n      \u001b[2mat Object.<anonymous> (\u001b[22m\u001b[0m\u001b[36msrc/app/dashboard/estoque/__tests__/page.test.tsx\u001b[39m\u001b[0m\u001b[2m:36:2)\u001b[22m\n","name":"/home/josivan/projects/SalaoEstetica/src/app/dashboard/estoque/__tests__/page.test.tsx","startTime":1747235146106,"status":"failed","summary":""},{"assertionResults":[],"coverage":{},"endTime":1747235146106,"message":"  \u001b[1m● \u001b[22mTest suite failed to run\n\n    ReferenceError: Request is not defined\n\n    \u001b[0m \u001b[90m 3 |\u001b[39m\n     \u001b[90m 4 |\u001b[39m \u001b[90m// Mock dos dados\u001b[39m\n    \u001b[31m\u001b[1m>\u001b[22m\u001b[39m\u001b[90m 5 |\u001b[39m \u001b[36mconst\u001b[39m mockProducts \u001b[33m=\u001b[39m [\n     \u001b[90m   |\u001b[39m                                           \u001b[31m\u001b[1m^\u001b[22m\u001b[39m\n     \u001b[90m 6 |\u001b[39m   {\n     \u001b[90m 7 |\u001b[39m     id\u001b[33m:\u001b[39m \u001b[32m'1'\u001b[39m\u001b[33m,\u001b[39m\n     \u001b[90m 8 |\u001b[39m     name\u001b[33m:\u001b[39m \u001b[32m'Shampoo Profissional'\u001b[39m\u001b[33m,\u001b[39m\u001b[0m\n\n      \u001b[2mat Object.Request (\u001b[22mnode_modules/next/src/server/web/spec-extension/request.ts\u001b[2m:10:34)\u001b[22m\n      \u001b[2mat Object.<anonymous> (\u001b[22mnode_modules/next/dist/server/web/exports/next-request.js\u001b[2m:12:18)\u001b[22m\n      \u001b[2mat Object.<anonymous> (\u001b[22m\u001b[0m\u001b[36msrc/app/api/inventory/__tests__/route.test.ts\u001b[39m\u001b[0m\u001b[2m:5:61)\u001b[22m\n","name":"/home/josivan/projects/SalaoEstetica/src/app/api/inventory/__tests__/route.test.ts","startTime":1747235146106,"status":"failed","summary":""}],"wasInterrupted":false}
